{"level":30,"time":1755116724752,"pid":978588,"hostname":"wolf-laptop","chunkSize":921600,"msg":"Creating WebSocket streams"}
{"level":20,"time":1755116724753,"pid":978588,"hostname":"wolf-laptop","msg":"WebSocketReadableStream initialized"}
{"level":20,"time":1755116724753,"pid":978588,"hostname":"wolf-laptop","chunkSize":921600,"msg":"WebSocketWritableStream initialized"}
{"level":20,"time":1755116724757,"pid":978588,"hostname":"wolf-laptop","bytes":4,"msg":"WebSocketWritableStream writing data"}
{"level":20,"time":1755116724758,"pid":978588,"hostname":"wolf-laptop","newBufferSize":4,"addedBytes":4,"msg":"WebSocketWritableStream buffer updated"}
{"level":20,"time":1755116724758,"pid":978588,"hostname":"wolf-laptop","totalBytes":4,"chunkSize":921600,"msg":"WebSocketWritableStream sending data with chunking"}
{"level":20,"time":1755116724758,"pid":978588,"hostname":"wolf-laptop","msg":"WebSocketWritableStream clearing buffer"}
{"level":30,"time":1755116724769,"pid":978588,"hostname":"wolf-laptop","code":1000,"reason":"","wasClean":true,"msg":"WebSocketReadableStream received close event"}
{"level":30,"time":1755116724769,"pid":978588,"hostname":"wolf-laptop","code":1000,"reason":"","wasClean":true,"msg":"WebSocketWritableStream received close event"}
{"level":30,"time":1755116740275,"pid":978651,"hostname":"wolf-laptop","chunkSize":921600,"msg":"Creating WebSocket streams"}
{"level":20,"time":1755116740276,"pid":978651,"hostname":"wolf-laptop","msg":"WebSocketReadableStream initialized"}
{"level":20,"time":1755116740276,"pid":978651,"hostname":"wolf-laptop","chunkSize":921600,"msg":"WebSocketWritableStream initialized"}
{"level":20,"time":1755116740280,"pid":978651,"hostname":"wolf-laptop","bytes":4,"msg":"WebSocketWritableStream writing data"}
{"level":20,"time":1755116740280,"pid":978651,"hostname":"wolf-laptop","newBufferSize":4,"addedBytes":4,"msg":"WebSocketWritableStream buffer updated"}
{"level":20,"time":1755116740280,"pid":978651,"hostname":"wolf-laptop","totalBytes":4,"chunkSize":921600,"msg":"WebSocketWritableStream sending data with chunking"}
{"level":20,"time":1755116740281,"pid":978651,"hostname":"wolf-laptop","msg":"WebSocketWritableStream clearing buffer"}
{"level":30,"time":1755116741288,"pid":978651,"hostname":"wolf-laptop","code":1000,"reason":"","wasClean":true,"msg":"WebSocketReadableStream received close event"}
{"level":30,"time":1755116741288,"pid":978651,"hostname":"wolf-laptop","code":1000,"reason":"","wasClean":true,"msg":"WebSocketWritableStream received close event"}
{"level":30,"time":1755116789099,"pid":978928,"hostname":"wolf-laptop","chunkSize":921600,"msg":"Creating WebSocket streams"}
{"level":20,"time":1755116789100,"pid":978928,"hostname":"wolf-laptop","msg":"WebSocketReadableStream initialized"}
{"level":20,"time":1755116789100,"pid":978928,"hostname":"wolf-laptop","chunkSize":921600,"msg":"WebSocketWritableStream initialized"}
{"level":30,"time":1755116789108,"pid":978928,"hostname":"wolf-laptop","code":1000,"reason":"","wasClean":true,"msg":"WebSocketReadableStream received close event"}
{"level":30,"time":1755116789109,"pid":978928,"hostname":"wolf-laptop","code":1000,"reason":"","wasClean":true,"msg":"WebSocketWritableStream received close event"}
{"level":30,"time":1755116799818,"pid":979053,"hostname":"wolf-laptop","chunkSize":921600,"msg":"Creating WebSocket streams"}
{"level":20,"time":1755116799819,"pid":979053,"hostname":"wolf-laptop","msg":"WebSocketReadableStream initialized"}
{"level":20,"time":1755116799819,"pid":979053,"hostname":"wolf-laptop","chunkSize":921600,"msg":"WebSocketWritableStream initialized"}
{"level":20,"time":1755116799823,"pid":979053,"hostname":"wolf-laptop","bytes":14,"msg":"WebSocketWritableStream writing data"}
{"level":20,"time":1755116799824,"pid":979053,"hostname":"wolf-laptop","newBufferSize":14,"addedBytes":14,"msg":"WebSocketWritableStream buffer updated"}
{"level":20,"time":1755116799824,"pid":979053,"hostname":"wolf-laptop","totalBytes":14,"chunkSize":921600,"msg":"WebSocketWritableStream sending data with chunking"}
{"level":20,"time":1755116799824,"pid":979053,"hostname":"wolf-laptop","msg":"WebSocketWritableStream clearing buffer"}
{"level":30,"time":1755116800834,"pid":979053,"hostname":"wolf-laptop","code":1000,"reason":"","wasClean":true,"msg":"WebSocketReadableStream received close event"}
{"level":30,"time":1755116800834,"pid":979053,"hostname":"wolf-laptop","code":1000,"reason":"","wasClean":true,"msg":"WebSocketWritableStream received close event"}
{"level":30,"time":1755116821369,"pid":979094,"hostname":"wolf-laptop","chunkSize":921600,"msg":"Creating WebSocket streams"}
{"level":20,"time":1755116821370,"pid":979094,"hostname":"wolf-laptop","msg":"WebSocketReadableStream initialized"}
{"level":20,"time":1755116821370,"pid":979094,"hostname":"wolf-laptop","chunkSize":921600,"msg":"WebSocketWritableStream initialized"}
{"level":20,"time":1755116821374,"pid":979094,"hostname":"wolf-laptop","bytes":14,"msg":"WebSocketWritableStream writing data"}
{"level":20,"time":1755116821375,"pid":979094,"hostname":"wolf-laptop","newBufferSize":14,"addedBytes":14,"msg":"WebSocketWritableStream buffer updated"}
{"level":20,"time":1755116821375,"pid":979094,"hostname":"wolf-laptop","totalBytes":14,"chunkSize":921600,"msg":"WebSocketWritableStream sending data with chunking"}
{"level":20,"time":1755116821375,"pid":979094,"hostname":"wolf-laptop","msg":"WebSocketWritableStream clearing buffer"}
{"level":30,"time":1755116822386,"pid":979094,"hostname":"wolf-laptop","code":1000,"reason":"","wasClean":true,"msg":"WebSocketReadableStream received close event"}
{"level":30,"time":1755116822386,"pid":979094,"hostname":"wolf-laptop","code":1000,"reason":"","wasClean":true,"msg":"WebSocketWritableStream received close event"}
{"level":30,"time":1755116839874,"pid":979162,"hostname":"wolf-laptop","chunkSize":921600,"msg":"Creating WebSocket streams"}
{"level":20,"time":1755116839875,"pid":979162,"hostname":"wolf-laptop","msg":"WebSocketReadableStream initialized"}
{"level":20,"time":1755116839875,"pid":979162,"hostname":"wolf-laptop","chunkSize":921600,"msg":"WebSocketWritableStream initialized"}
{"level":30,"time":1755116839885,"pid":979162,"hostname":"wolf-laptop","code":1000,"reason":"","wasClean":true,"msg":"WebSocketReadableStream received close event"}
{"level":30,"time":1755116839885,"pid":979162,"hostname":"wolf-laptop","code":1000,"reason":"","wasClean":true,"msg":"WebSocketWritableStream received close event"}
{"level":20,"time":1755116839887,"pid":979162,"hostname":"wolf-laptop","msg":"WebSocketReadableStream is getting destroyed"}
{"level":30,"time":1755116849517,"pid":979235,"hostname":"wolf-laptop","chunkSize":921600,"msg":"Creating WebSocket streams"}
{"level":20,"time":1755116849517,"pid":979235,"hostname":"wolf-laptop","msg":"WebSocketReadableStream initialized"}
{"level":20,"time":1755116849518,"pid":979235,"hostname":"wolf-laptop","chunkSize":921600,"msg":"WebSocketWritableStream initialized"}
{"level":30,"time":1755116849526,"pid":979235,"hostname":"wolf-laptop","code":1000,"reason":"","wasClean":true,"msg":"WebSocketReadableStream received close event"}
{"level":30,"time":1755116849526,"pid":979235,"hostname":"wolf-laptop","code":1000,"reason":"","wasClean":true,"msg":"WebSocketWritableStream received close event"}
{"level":20,"time":1755116849528,"pid":979235,"hostname":"wolf-laptop","msg":"WebSocketReadableStream is getting destroyed"}
{"level":30,"time":1755116852392,"pid":979317,"hostname":"wolf-laptop","chunkSize":921600,"msg":"Creating WebSocket streams"}
{"level":20,"time":1755116852392,"pid":979317,"hostname":"wolf-laptop","msg":"WebSocketReadableStream initialized"}
{"level":20,"time":1755116852393,"pid":979317,"hostname":"wolf-laptop","chunkSize":921600,"msg":"WebSocketWritableStream initialized"}
{"level":30,"time":1755116852400,"pid":979317,"hostname":"wolf-laptop","code":1000,"reason":"","wasClean":true,"msg":"WebSocketReadableStream received close event"}
{"level":30,"time":1755116852400,"pid":979317,"hostname":"wolf-laptop","code":1000,"reason":"","wasClean":true,"msg":"WebSocketWritableStream received close event"}
{"level":20,"time":1755116852401,"pid":979317,"hostname":"wolf-laptop","msg":"WebSocketReadableStream is getting destroyed"}
{"level":30,"time":1755116958085,"pid":979529,"hostname":"wolf-laptop","chunkSize":921600,"msg":"Creating WebSocket streams"}
{"level":20,"time":1755116958085,"pid":979529,"hostname":"wolf-laptop","msg":"WebSocketReadableStream initialized"}
{"level":20,"time":1755116958085,"pid":979529,"hostname":"wolf-laptop","chunkSize":921600,"msg":"WebSocketWritableStream initialized"}
{"level":20,"time":1755116958086,"pid":979529,"hostname":"wolf-laptop","bytes":4,"msg":"WebSocketWritableStream writing data"}
{"level":20,"time":1755116958086,"pid":979529,"hostname":"wolf-laptop","readyState":0,"msg":"WebSocketWritableStream socket not open, buffering data"}
{"level":20,"time":1755116958086,"pid":979529,"hostname":"wolf-laptop","newBufferSize":4,"addedBytes":4,"msg":"WebSocketWritableStream buffer updated"}
{"level":10,"time":1755116958087,"pid":979529,"hostname":"wolf-laptop","msg":"WebSocketReadableStream: _read called"}
{"level":30,"time":1755116959094,"pid":979529,"hostname":"wolf-laptop","code":1000,"reason":"","wasClean":true,"msg":"WebSocketReadableStream received close event"}
{"level":30,"time":1755116959095,"pid":979529,"hostname":"wolf-laptop","code":1000,"reason":"","wasClean":true,"msg":"WebSocketWritableStream received close event"}
{"level":20,"time":1755116959096,"pid":979529,"hostname":"wolf-laptop","msg":"WebSocketReadableStream is getting destroyed"}
{"level":30,"time":1755117193509,"pid":979643,"hostname":"wolf-laptop","chunkSize":921600,"msg":"Creating WebSocket streams"}
{"level":20,"time":1755117193510,"pid":979643,"hostname":"wolf-laptop","msg":"WebSocketReadableStream initialized"}
{"level":20,"time":1755117193510,"pid":979643,"hostname":"wolf-laptop","chunkSize":921600,"msg":"WebSocketWritableStream initialized"}
{"level":20,"time":1755117193511,"pid":979643,"hostname":"wolf-laptop","bytes":4,"msg":"WebSocketWritableStream writing data"}
{"level":20,"time":1755117193511,"pid":979643,"hostname":"wolf-laptop","readyState":0,"msg":"WebSocketWritableStream socket not open, buffering data"}
{"level":20,"time":1755117193511,"pid":979643,"hostname":"wolf-laptop","newBufferSize":4,"addedBytes":4,"msg":"WebSocketWritableStream buffer updated"}
{"level":10,"time":1755117193511,"pid":979643,"hostname":"wolf-laptop","msg":"WebSocketReadableStream: _read called"}
{"level":30,"time":1755117194518,"pid":979643,"hostname":"wolf-laptop","code":1000,"reason":"","wasClean":true,"msg":"WebSocketReadableStream received close event"}
{"level":30,"time":1755117194518,"pid":979643,"hostname":"wolf-laptop","code":1000,"reason":"","wasClean":true,"msg":"WebSocketWritableStream received close event"}
{"level":20,"time":1755117194519,"pid":979643,"hostname":"wolf-laptop","msg":"WebSocketReadableStream is getting destroyed"}
{"level":30,"time":1755117224087,"pid":979861,"hostname":"wolf-laptop","chunkSize":921600,"msg":"Creating WebSocket streams"}
{"level":20,"time":1755117224087,"pid":979861,"hostname":"wolf-laptop","msg":"WebSocketReadableStream initialized"}
{"level":20,"time":1755117224088,"pid":979861,"hostname":"wolf-laptop","chunkSize":921600,"msg":"WebSocketWritableStream initialized"}
{"level":20,"time":1755117224089,"pid":979861,"hostname":"wolf-laptop","bytes":4,"msg":"WebSocketWritableStream writing data"}
{"level":20,"time":1755117224089,"pid":979861,"hostname":"wolf-laptop","readyState":0,"msg":"WebSocketWritableStream socket not open, buffering data"}
{"level":20,"time":1755117224089,"pid":979861,"hostname":"wolf-laptop","newBufferSize":4,"addedBytes":4,"msg":"WebSocketWritableStream buffer updated"}
{"level":10,"time":1755117224090,"pid":979861,"hostname":"wolf-laptop","msg":"WebSocketReadableStream: _read called"}
{"level":30,"time":1755117225099,"pid":979861,"hostname":"wolf-laptop","code":1000,"reason":"","wasClean":true,"msg":"WebSocketReadableStream received close event"}
{"level":30,"time":1755117225099,"pid":979861,"hostname":"wolf-laptop","code":1000,"reason":"","wasClean":true,"msg":"WebSocketWritableStream received close event"}
{"level":20,"time":1755117225100,"pid":979861,"hostname":"wolf-laptop","msg":"WebSocketReadableStream is getting destroyed"}
{"level":30,"time":1755117235971,"pid":979945,"hostname":"wolf-laptop","chunkSize":921600,"msg":"Creating WebSocket streams"}
{"level":20,"time":1755117235971,"pid":979945,"hostname":"wolf-laptop","msg":"WebSocketReadableStream initialized"}
{"level":20,"time":1755117235971,"pid":979945,"hostname":"wolf-laptop","chunkSize":921600,"msg":"WebSocketWritableStream initialized"}
{"level":20,"time":1755117235972,"pid":979945,"hostname":"wolf-laptop","bytes":4,"msg":"WebSocketWritableStream writing data"}
{"level":20,"time":1755117235972,"pid":979945,"hostname":"wolf-laptop","readyState":0,"msg":"WebSocketWritableStream socket not open, buffering data"}
{"level":20,"time":1755117235973,"pid":979945,"hostname":"wolf-laptop","newBufferSize":4,"addedBytes":4,"msg":"WebSocketWritableStream buffer updated"}
{"level":10,"time":1755117235973,"pid":979945,"hostname":"wolf-laptop","msg":"WebSocketReadableStream: _read called"}
{"level":30,"time":1755117236983,"pid":979945,"hostname":"wolf-laptop","code":1000,"reason":"","wasClean":true,"msg":"WebSocketReadableStream received close event"}
{"level":30,"time":1755117236983,"pid":979945,"hostname":"wolf-laptop","code":1000,"reason":"","wasClean":true,"msg":"WebSocketWritableStream received close event"}
{"level":20,"time":1755117236984,"pid":979945,"hostname":"wolf-laptop","msg":"WebSocketReadableStream is getting destroyed"}
{"level":30,"time":1755117256972,"pid":980038,"hostname":"wolf-laptop","chunkSize":921600,"msg":"Creating WebSocket streams"}
{"level":20,"time":1755117256973,"pid":980038,"hostname":"wolf-laptop","msg":"WebSocketReadableStream initialized"}
{"level":20,"time":1755117256973,"pid":980038,"hostname":"wolf-laptop","chunkSize":921600,"msg":"WebSocketWritableStream initialized"}
{"level":20,"time":1755117256974,"pid":980038,"hostname":"wolf-laptop","bytes":4,"msg":"WebSocketWritableStream writing data"}
{"level":20,"time":1755117256974,"pid":980038,"hostname":"wolf-laptop","readyState":0,"msg":"WebSocketWritableStream socket not open, buffering data"}
{"level":20,"time":1755117256974,"pid":980038,"hostname":"wolf-laptop","newBufferSize":4,"addedBytes":4,"msg":"WebSocketWritableStream buffer updated"}
{"level":10,"time":1755117256975,"pid":980038,"hostname":"wolf-laptop","msg":"WebSocketReadableStream: _read called"}
{"level":30,"time":1755117257985,"pid":980038,"hostname":"wolf-laptop","code":1000,"reason":"","wasClean":true,"msg":"WebSocketReadableStream received close event"}
{"level":30,"time":1755117257985,"pid":980038,"hostname":"wolf-laptop","code":1000,"reason":"","wasClean":true,"msg":"WebSocketWritableStream received close event"}
{"level":20,"time":1755117257986,"pid":980038,"hostname":"wolf-laptop","msg":"WebSocketReadableStream is getting destroyed"}
{"level":30,"time":1755117276921,"pid":980172,"hostname":"wolf-laptop","chunkSize":921600,"msg":"Creating WebSocket streams"}
{"level":20,"time":1755117276922,"pid":980172,"hostname":"wolf-laptop","msg":"WebSocketReadableStream initialized"}
{"level":20,"time":1755117276922,"pid":980172,"hostname":"wolf-laptop","chunkSize":921600,"msg":"WebSocketWritableStream initialized"}
{"level":20,"time":1755117276923,"pid":980172,"hostname":"wolf-laptop","bytes":4,"msg":"WebSocketWritableStream writing data"}
{"level":20,"time":1755117276924,"pid":980172,"hostname":"wolf-laptop","readyState":0,"msg":"WebSocketWritableStream socket not open, buffering data"}
{"level":20,"time":1755117276924,"pid":980172,"hostname":"wolf-laptop","newBufferSize":4,"addedBytes":4,"msg":"WebSocketWritableStream buffer updated"}
{"level":10,"time":1755117276924,"pid":980172,"hostname":"wolf-laptop","msg":"WebSocketReadableStream: _read called"}
{"level":30,"time":1755117277932,"pid":980172,"hostname":"wolf-laptop","code":1000,"reason":"","wasClean":true,"msg":"WebSocketReadableStream received close event"}
{"level":30,"time":1755117277932,"pid":980172,"hostname":"wolf-laptop","code":1000,"reason":"","wasClean":true,"msg":"WebSocketWritableStream received close event"}
{"level":20,"time":1755117277933,"pid":980172,"hostname":"wolf-laptop","msg":"WebSocketReadableStream is getting destroyed"}
{"level":30,"time":1755117290527,"pid":980240,"hostname":"wolf-laptop","chunkSize":921600,"msg":"Creating WebSocket streams"}
{"level":20,"time":1755117290528,"pid":980240,"hostname":"wolf-laptop","msg":"WebSocketReadableStream initialized"}
{"level":20,"time":1755117290528,"pid":980240,"hostname":"wolf-laptop","chunkSize":921600,"msg":"WebSocketWritableStream initialized"}
{"level":20,"time":1755117290529,"pid":980240,"hostname":"wolf-laptop","bytes":4,"msg":"WebSocketWritableStream writing data"}
{"level":20,"time":1755117290529,"pid":980240,"hostname":"wolf-laptop","readyState":0,"msg":"WebSocketWritableStream socket not open, buffering data"}
{"level":20,"time":1755117290529,"pid":980240,"hostname":"wolf-laptop","newBufferSize":4,"addedBytes":4,"msg":"WebSocketWritableStream buffer updated"}
{"level":10,"time":1755117290529,"pid":980240,"hostname":"wolf-laptop","msg":"WebSocketReadableStream: _read called"}
{"level":30,"time":1755117291538,"pid":980240,"hostname":"wolf-laptop","code":1000,"reason":"","wasClean":true,"msg":"WebSocketReadableStream received close event"}
{"level":30,"time":1755117291538,"pid":980240,"hostname":"wolf-laptop","code":1000,"reason":"","wasClean":true,"msg":"WebSocketWritableStream received close event"}
{"level":20,"time":1755117291539,"pid":980240,"hostname":"wolf-laptop","msg":"WebSocketReadableStream is getting destroyed"}
{"level":30,"time":1755117305451,"pid":980289,"hostname":"wolf-laptop","chunkSize":921600,"msg":"Creating WebSocket streams"}
{"level":20,"time":1755117305452,"pid":980289,"hostname":"wolf-laptop","msg":"WebSocketReadableStream initialized"}
{"level":20,"time":1755117305452,"pid":980289,"hostname":"wolf-laptop","chunkSize":921600,"msg":"WebSocketWritableStream initialized"}
{"level":20,"time":1755117305453,"pid":980289,"hostname":"wolf-laptop","bytes":4,"msg":"WebSocketWritableStream writing data"}
{"level":20,"time":1755117305453,"pid":980289,"hostname":"wolf-laptop","newBufferSize":4,"addedBytes":4,"msg":"WebSocketWritableStream buffer updated"}
{"level":20,"time":1755117305453,"pid":980289,"hostname":"wolf-laptop","totalBytes":4,"chunkSize":921600,"msg":"WebSocketWritableStream sending data with chunking"}
{"level":20,"time":1755117305454,"pid":980289,"hostname":"wolf-laptop","msg":"WebSocketWritableStream clearing buffer"}
{"level":10,"time":1755117305454,"pid":980289,"hostname":"wolf-laptop","msg":"WebSocketReadableStream: _read called"}
{"level":30,"time":1755117305466,"pid":980289,"hostname":"wolf-laptop","code":1000,"reason":"","wasClean":true,"msg":"WebSocketReadableStream received close event"}
{"level":30,"time":1755117305466,"pid":980289,"hostname":"wolf-laptop","code":1000,"reason":"","wasClean":true,"msg":"WebSocketWritableStream received close event"}
{"level":20,"time":1755117305467,"pid":980289,"hostname":"wolf-laptop","msg":"WebSocketReadableStream is getting destroyed"}
{"level":30,"time":1755117338662,"pid":980807,"hostname":"wolf-laptop","chunkSize":921600,"msg":"Creating WebSocket streams"}
{"level":20,"time":1755117338663,"pid":980807,"hostname":"wolf-laptop","msg":"WebSocketReadableStream initialized"}
{"level":20,"time":1755117338663,"pid":980807,"hostname":"wolf-laptop","chunkSize":921600,"msg":"WebSocketWritableStream initialized"}
{"level":20,"time":1755117338664,"pid":980807,"hostname":"wolf-laptop","bytes":4,"msg":"WebSocketWritableStream writing data"}
{"level":20,"time":1755117338664,"pid":980807,"hostname":"wolf-laptop","newBufferSize":4,"addedBytes":4,"msg":"WebSocketWritableStream buffer updated"}
{"level":20,"time":1755117338664,"pid":980807,"hostname":"wolf-laptop","totalBytes":4,"chunkSize":921600,"msg":"WebSocketWritableStream sending data with chunking"}
{"level":20,"time":1755117338664,"pid":980807,"hostname":"wolf-laptop","msg":"WebSocketWritableStream clearing buffer"}
{"level":10,"time":1755117338665,"pid":980807,"hostname":"wolf-laptop","msg":"WebSocketReadableStream: _read called"}
{"level":30,"time":1755117338675,"pid":980807,"hostname":"wolf-laptop","code":1000,"reason":"","wasClean":true,"msg":"WebSocketReadableStream received close event"}
{"level":30,"time":1755117338675,"pid":980807,"hostname":"wolf-laptop","code":1000,"reason":"","wasClean":true,"msg":"WebSocketWritableStream received close event"}
{"level":20,"time":1755117338676,"pid":980807,"hostname":"wolf-laptop","msg":"WebSocketReadableStream is getting destroyed"}
{"level":30,"time":1755117340662,"pid":981730,"hostname":"wolf-laptop","chunkSize":921600,"msg":"Creating WebSocket streams"}
{"level":20,"time":1755117340663,"pid":981730,"hostname":"wolf-laptop","msg":"WebSocketReadableStream initialized"}
{"level":20,"time":1755117340663,"pid":981730,"hostname":"wolf-laptop","chunkSize":921600,"msg":"WebSocketWritableStream initialized"}
{"level":20,"time":1755117340664,"pid":981730,"hostname":"wolf-laptop","bytes":4,"msg":"WebSocketWritableStream writing data"}
{"level":20,"time":1755117340664,"pid":981730,"hostname":"wolf-laptop","newBufferSize":4,"addedBytes":4,"msg":"WebSocketWritableStream buffer updated"}
{"level":20,"time":1755117340664,"pid":981730,"hostname":"wolf-laptop","totalBytes":4,"chunkSize":921600,"msg":"WebSocketWritableStream sending data with chunking"}
{"level":20,"time":1755117340664,"pid":981730,"hostname":"wolf-laptop","msg":"WebSocketWritableStream clearing buffer"}
{"level":10,"time":1755117340665,"pid":981730,"hostname":"wolf-laptop","msg":"WebSocketReadableStream: _read called"}
{"level":30,"time":1755117340675,"pid":981730,"hostname":"wolf-laptop","code":1000,"reason":"","wasClean":true,"msg":"WebSocketReadableStream received close event"}
{"level":30,"time":1755117340675,"pid":981730,"hostname":"wolf-laptop","code":1000,"reason":"","wasClean":true,"msg":"WebSocketWritableStream received close event"}
{"level":20,"time":1755117340676,"pid":981730,"hostname":"wolf-laptop","msg":"WebSocketReadableStream is getting destroyed"}
{"level":30,"time":1755117387273,"pid":981888,"hostname":"wolf-laptop","chunkSize":921600,"msg":"Creating WebSocket streams"}
{"level":20,"time":1755117387274,"pid":981888,"hostname":"wolf-laptop","msg":"WebSocketReadableStream initialized"}
{"level":20,"time":1755117387274,"pid":981888,"hostname":"wolf-laptop","chunkSize":921600,"msg":"WebSocketWritableStream initialized"}
{"level":20,"time":1755117387275,"pid":981888,"hostname":"wolf-laptop","bytes":4,"msg":"WebSocketWritableStream writing data"}
{"level":20,"time":1755117387275,"pid":981888,"hostname":"wolf-laptop","newBufferSize":4,"addedBytes":4,"msg":"WebSocketWritableStream buffer updated"}
{"level":20,"time":1755117387275,"pid":981888,"hostname":"wolf-laptop","totalBytes":4,"chunkSize":921600,"msg":"WebSocketWritableStream sending data with chunking"}
{"level":20,"time":1755117387276,"pid":981888,"hostname":"wolf-laptop","msg":"WebSocketWritableStream clearing buffer"}
{"level":10,"time":1755117387276,"pid":981888,"hostname":"wolf-laptop","msg":"WebSocketReadableStream: _read called"}
{"level":30,"time":1755117387280,"pid":981888,"hostname":"wolf-laptop","code":1000,"reason":"","wasClean":true,"msg":"WebSocketReadableStream received close event"}
{"level":30,"time":1755117387281,"pid":981888,"hostname":"wolf-laptop","code":1000,"reason":"","wasClean":true,"msg":"WebSocketWritableStream received close event"}
{"level":20,"time":1755117387281,"pid":981888,"hostname":"wolf-laptop","msg":"WebSocketReadableStream is getting destroyed"}
{"level":30,"time":1755117672453,"pid":981970,"hostname":"wolf-laptop","chunkSize":921600,"msg":"Creating WebSocket streams"}
{"level":20,"time":1755117672455,"pid":981970,"hostname":"wolf-laptop","msg":"WebSocketReadableStream initialized"}
{"level":20,"time":1755117672455,"pid":981970,"hostname":"wolf-laptop","chunkSize":921600,"msg":"WebSocketWritableStream initialized"}
{"level":20,"time":1755117672456,"pid":981970,"hostname":"wolf-laptop","bytes":4,"msg":"WebSocketWritableStream writing data"}
{"level":20,"time":1755117672456,"pid":981970,"hostname":"wolf-laptop","newBufferSize":4,"addedBytes":4,"msg":"WebSocketWritableStream buffer updated"}
{"level":20,"time":1755117672456,"pid":981970,"hostname":"wolf-laptop","totalBytes":4,"chunkSize":921600,"msg":"WebSocketWritableStream sending data with chunking"}
{"level":20,"time":1755117672457,"pid":981970,"hostname":"wolf-laptop","msg":"WebSocketWritableStream clearing buffer"}
{"level":10,"time":1755117672457,"pid":981970,"hostname":"wolf-laptop","msg":"WebSocketReadableStream: _read called"}
{"level":30,"time":1755117672462,"pid":981970,"hostname":"wolf-laptop","code":1000,"reason":"","wasClean":true,"msg":"WebSocketReadableStream received close event"}
{"level":30,"time":1755117672463,"pid":981970,"hostname":"wolf-laptop","code":1000,"reason":"","wasClean":true,"msg":"WebSocketWritableStream received close event"}
{"level":20,"time":1755117672463,"pid":981970,"hostname":"wolf-laptop","msg":"WebSocketReadableStream is getting destroyed"}
{"level":30,"time":1755117672467,"pid":981970,"hostname":"wolf-laptop","chunkSize":921600,"msg":"Creating WebSocket streams"}
{"level":20,"time":1755117672467,"pid":981970,"hostname":"wolf-laptop","msg":"WebSocketReadableStream initialized"}
{"level":20,"time":1755117672467,"pid":981970,"hostname":"wolf-laptop","chunkSize":921600,"msg":"WebSocketWritableStream initialized"}
{"level":20,"time":1755117672473,"pid":981970,"hostname":"wolf-laptop","bytes":65536,"msg":"WebSocketWritableStream writing data"}
{"level":20,"time":1755117672473,"pid":981970,"hostname":"wolf-laptop","newBufferSize":65536,"addedBytes":65536,"msg":"WebSocketWritableStream buffer updated"}
{"level":20,"time":1755117672473,"pid":981970,"hostname":"wolf-laptop","totalBytes":65536,"chunkSize":921600,"msg":"WebSocketWritableStream sending data with chunking"}
{"level":20,"time":1755117672473,"pid":981970,"hostname":"wolf-laptop","msg":"WebSocketWritableStream clearing buffer"}
{"level":20,"time":1755117672474,"pid":981970,"hostname":"wolf-laptop","bytes":65536,"msg":"WebSocketWritableStream writing data"}
{"level":20,"time":1755117672474,"pid":981970,"hostname":"wolf-laptop","newBufferSize":65536,"addedBytes":65536,"msg":"WebSocketWritableStream buffer updated"}
{"level":20,"time":1755117672474,"pid":981970,"hostname":"wolf-laptop","totalBytes":65536,"chunkSize":921600,"msg":"WebSocketWritableStream sending data with chunking"}
{"level":20,"time":1755117672474,"pid":981970,"hostname":"wolf-laptop","msg":"WebSocketWritableStream clearing buffer"}
{"level":20,"time":1755117672474,"pid":981970,"hostname":"wolf-laptop","bytes":65536,"msg":"WebSocketWritableStream writing data"}
{"level":20,"time":1755117672474,"pid":981970,"hostname":"wolf-laptop","newBufferSize":65536,"addedBytes":65536,"msg":"WebSocketWritableStream buffer updated"}
{"level":20,"time":1755117672474,"pid":981970,"hostname":"wolf-laptop","totalBytes":65536,"chunkSize":921600,"msg":"WebSocketWritableStream sending data with chunking"}
{"level":20,"time":1755117672474,"pid":981970,"hostname":"wolf-laptop","msg":"WebSocketWritableStream clearing buffer"}
{"level":20,"time":1755117672474,"pid":981970,"hostname":"wolf-laptop","bytes":65536,"msg":"WebSocketWritableStream writing data"}
{"level":20,"time":1755117672474,"pid":981970,"hostname":"wolf-laptop","newBufferSize":65536,"addedBytes":65536,"msg":"WebSocketWritableStream buffer updated"}
{"level":20,"time":1755117672474,"pid":981970,"hostname":"wolf-laptop","totalBytes":65536,"chunkSize":921600,"msg":"WebSocketWritableStream sending data with chunking"}
{"level":20,"time":1755117672475,"pid":981970,"hostname":"wolf-laptop","msg":"WebSocketWritableStream clearing buffer"}
{"level":20,"time":1755117672475,"pid":981970,"hostname":"wolf-laptop","bytes":65536,"msg":"WebSocketWritableStream writing data"}
{"level":20,"time":1755117672475,"pid":981970,"hostname":"wolf-laptop","newBufferSize":65536,"addedBytes":65536,"msg":"WebSocketWritableStream buffer updated"}
{"level":20,"time":1755117672475,"pid":981970,"hostname":"wolf-laptop","totalBytes":65536,"chunkSize":921600,"msg":"WebSocketWritableStream sending data with chunking"}
{"level":20,"time":1755117672475,"pid":981970,"hostname":"wolf-laptop","msg":"WebSocketWritableStream clearing buffer"}
{"level":20,"time":1755117672475,"pid":981970,"hostname":"wolf-laptop","bytes":65536,"msg":"WebSocketWritableStream writing data"}
{"level":20,"time":1755117672475,"pid":981970,"hostname":"wolf-laptop","newBufferSize":65536,"addedBytes":65536,"msg":"WebSocketWritableStream buffer updated"}
{"level":20,"time":1755117672475,"pid":981970,"hostname":"wolf-laptop","totalBytes":65536,"chunkSize":921600,"msg":"WebSocketWritableStream sending data with chunking"}
{"level":20,"time":1755117672475,"pid":981970,"hostname":"wolf-laptop","msg":"WebSocketWritableStream clearing buffer"}
{"level":20,"time":1755117672475,"pid":981970,"hostname":"wolf-laptop","bytes":65536,"msg":"WebSocketWritableStream writing data"}
{"level":20,"time":1755117672476,"pid":981970,"hostname":"wolf-laptop","newBufferSize":65536,"addedBytes":65536,"msg":"WebSocketWritableStream buffer updated"}
{"level":20,"time":1755117672476,"pid":981970,"hostname":"wolf-laptop","totalBytes":65536,"chunkSize":921600,"msg":"WebSocketWritableStream sending data with chunking"}
{"level":20,"time":1755117672476,"pid":981970,"hostname":"wolf-laptop","msg":"WebSocketWritableStream clearing buffer"}
{"level":20,"time":1755117672476,"pid":981970,"hostname":"wolf-laptop","bytes":65536,"msg":"WebSocketWritableStream writing data"}
{"level":20,"time":1755117672476,"pid":981970,"hostname":"wolf-laptop","newBufferSize":65536,"addedBytes":65536,"msg":"WebSocketWritableStream buffer updated"}
{"level":20,"time":1755117672476,"pid":981970,"hostname":"wolf-laptop","totalBytes":65536,"chunkSize":921600,"msg":"WebSocketWritableStream sending data with chunking"}
{"level":20,"time":1755117672476,"pid":981970,"hostname":"wolf-laptop","msg":"WebSocketWritableStream clearing buffer"}
{"level":20,"time":1755117672476,"pid":981970,"hostname":"wolf-laptop","bytes":65536,"msg":"WebSocketWritableStream writing data"}
{"level":20,"time":1755117672476,"pid":981970,"hostname":"wolf-laptop","newBufferSize":65536,"addedBytes":65536,"msg":"WebSocketWritableStream buffer updated"}
{"level":20,"time":1755117672476,"pid":981970,"hostname":"wolf-laptop","totalBytes":65536,"chunkSize":921600,"msg":"WebSocketWritableStream sending data with chunking"}
{"level":20,"time":1755117672477,"pid":981970,"hostname":"wolf-laptop","msg":"WebSocketWritableStream clearing buffer"}
{"level":20,"time":1755117672477,"pid":981970,"hostname":"wolf-laptop","bytes":65536,"msg":"WebSocketWritableStream writing data"}
{"level":20,"time":1755117672477,"pid":981970,"hostname":"wolf-laptop","newBufferSize":65536,"addedBytes":65536,"msg":"WebSocketWritableStream buffer updated"}
{"level":20,"time":1755117672477,"pid":981970,"hostname":"wolf-laptop","totalBytes":65536,"chunkSize":921600,"msg":"WebSocketWritableStream sending data with chunking"}
{"level":20,"time":1755117672477,"pid":981970,"hostname":"wolf-laptop","msg":"WebSocketWritableStream clearing buffer"}
{"level":20,"time":1755117672477,"pid":981970,"hostname":"wolf-laptop","bytes":65536,"msg":"WebSocketWritableStream writing data"}
{"level":20,"time":1755117672477,"pid":981970,"hostname":"wolf-laptop","newBufferSize":65536,"addedBytes":65536,"msg":"WebSocketWritableStream buffer updated"}
{"level":20,"time":1755117672477,"pid":981970,"hostname":"wolf-laptop","totalBytes":65536,"chunkSize":921600,"msg":"WebSocketWritableStream sending data with chunking"}
{"level":20,"time":1755117672478,"pid":981970,"hostname":"wolf-laptop","msg":"WebSocketWritableStream clearing buffer"}
{"level":20,"time":1755117672478,"pid":981970,"hostname":"wolf-laptop","bytes":65536,"msg":"WebSocketWritableStream writing data"}
{"level":20,"time":1755117672478,"pid":981970,"hostname":"wolf-laptop","newBufferSize":65536,"addedBytes":65536,"msg":"WebSocketWritableStream buffer updated"}
{"level":20,"time":1755117672478,"pid":981970,"hostname":"wolf-laptop","totalBytes":65536,"chunkSize":921600,"msg":"WebSocketWritableStream sending data with chunking"}
{"level":20,"time":1755117672478,"pid":981970,"hostname":"wolf-laptop","msg":"WebSocketWritableStream clearing buffer"}
{"level":20,"time":1755117672478,"pid":981970,"hostname":"wolf-laptop","bytes":65536,"msg":"WebSocketWritableStream writing data"}
{"level":20,"time":1755117672478,"pid":981970,"hostname":"wolf-laptop","newBufferSize":65536,"addedBytes":65536,"msg":"WebSocketWritableStream buffer updated"}
{"level":20,"time":1755117672478,"pid":981970,"hostname":"wolf-laptop","totalBytes":65536,"chunkSize":921600,"msg":"WebSocketWritableStream sending data with chunking"}
{"level":20,"time":1755117672478,"pid":981970,"hostname":"wolf-laptop","msg":"WebSocketWritableStream clearing buffer"}
{"level":20,"time":1755117672479,"pid":981970,"hostname":"wolf-laptop","bytes":65536,"msg":"WebSocketWritableStream writing data"}
{"level":20,"time":1755117672479,"pid":981970,"hostname":"wolf-laptop","newBufferSize":65536,"addedBytes":65536,"msg":"WebSocketWritableStream buffer updated"}
{"level":20,"time":1755117672479,"pid":981970,"hostname":"wolf-laptop","totalBytes":65536,"chunkSize":921600,"msg":"WebSocketWritableStream sending data with chunking"}
{"level":20,"time":1755117672479,"pid":981970,"hostname":"wolf-laptop","msg":"WebSocketWritableStream clearing buffer"}
{"level":20,"time":1755117672479,"pid":981970,"hostname":"wolf-laptop","bytes":65536,"msg":"WebSocketWritableStream writing data"}
{"level":20,"time":1755117672479,"pid":981970,"hostname":"wolf-laptop","newBufferSize":65536,"addedBytes":65536,"msg":"WebSocketWritableStream buffer updated"}
{"level":20,"time":1755117672479,"pid":981970,"hostname":"wolf-laptop","totalBytes":65536,"chunkSize":921600,"msg":"WebSocketWritableStream sending data with chunking"}
{"level":20,"time":1755117672479,"pid":981970,"hostname":"wolf-laptop","msg":"WebSocketWritableStream clearing buffer"}
{"level":20,"time":1755117672479,"pid":981970,"hostname":"wolf-laptop","bytes":65536,"msg":"WebSocketWritableStream writing data"}
{"level":20,"time":1755117672479,"pid":981970,"hostname":"wolf-laptop","newBufferSize":65536,"addedBytes":65536,"msg":"WebSocketWritableStream buffer updated"}
{"level":20,"time":1755117672479,"pid":981970,"hostname":"wolf-laptop","totalBytes":65536,"chunkSize":921600,"msg":"WebSocketWritableStream sending data with chunking"}
{"level":20,"time":1755117672479,"pid":981970,"hostname":"wolf-laptop","msg":"WebSocketWritableStream clearing buffer"}
{"level":20,"time":1755117672480,"pid":981970,"hostname":"wolf-laptop","msg":"WebSocketWritableStream: finalizing"}
{"level":20,"time":1755117672480,"pid":981970,"hostname":"wolf-laptop","msg":"WebSocketWritableStream finalized without closing WebSocket"}
{"level":20,"time":1755117672480,"pid":981970,"hostname":"wolf-laptop","msg":"WebSocketWritableStream is getting destroyed"}
{"level":30,"time":1755117672488,"pid":981970,"hostname":"wolf-laptop","code":1000,"reason":"","wasClean":true,"msg":"WebSocketReadableStream received close event"}
{"level":30,"time":1755117672488,"pid":981970,"hostname":"wolf-laptop","code":1000,"reason":"","wasClean":true,"msg":"WebSocketWritableStream received close event"}
{"level":30,"time":1755117685040,"pid":982071,"hostname":"wolf-laptop","chunkSize":921600,"msg":"Creating WebSocket streams"}
{"level":20,"time":1755117685041,"pid":982071,"hostname":"wolf-laptop","msg":"WebSocketReadableStream initialized"}
{"level":20,"time":1755117685041,"pid":982071,"hostname":"wolf-laptop","chunkSize":921600,"msg":"WebSocketWritableStream initialized"}
{"level":20,"time":1755117685042,"pid":982071,"hostname":"wolf-laptop","bytes":4,"msg":"WebSocketWritableStream writing data"}
{"level":20,"time":1755117685042,"pid":982071,"hostname":"wolf-laptop","newBufferSize":4,"addedBytes":4,"msg":"WebSocketWritableStream buffer updated"}
{"level":20,"time":1755117685042,"pid":982071,"hostname":"wolf-laptop","totalBytes":4,"chunkSize":921600,"msg":"WebSocketWritableStream sending data with chunking"}
{"level":20,"time":1755117685043,"pid":982071,"hostname":"wolf-laptop","msg":"WebSocketWritableStream clearing buffer"}
{"level":10,"time":1755117685043,"pid":982071,"hostname":"wolf-laptop","msg":"WebSocketReadableStream: _read called"}
{"level":30,"time":1755117685047,"pid":982071,"hostname":"wolf-laptop","code":1000,"reason":"","wasClean":true,"msg":"WebSocketReadableStream received close event"}
{"level":30,"time":1755117685048,"pid":982071,"hostname":"wolf-laptop","code":1000,"reason":"","wasClean":true,"msg":"WebSocketWritableStream received close event"}
{"level":20,"time":1755117685049,"pid":982071,"hostname":"wolf-laptop","msg":"WebSocketReadableStream is getting destroyed"}
{"level":30,"time":1755117685054,"pid":982071,"hostname":"wolf-laptop","chunkSize":921600,"msg":"Creating WebSocket streams"}
{"level":20,"time":1755117685054,"pid":982071,"hostname":"wolf-laptop","msg":"WebSocketReadableStream initialized"}
{"level":20,"time":1755117685054,"pid":982071,"hostname":"wolf-laptop","chunkSize":921600,"msg":"WebSocketWritableStream initialized"}
{"level":20,"time":1755117685060,"pid":982071,"hostname":"wolf-laptop","bytes":65536,"msg":"WebSocketWritableStream writing data"}
{"level":20,"time":1755117685060,"pid":982071,"hostname":"wolf-laptop","newBufferSize":65536,"addedBytes":65536,"msg":"WebSocketWritableStream buffer updated"}
{"level":20,"time":1755117685060,"pid":982071,"hostname":"wolf-laptop","totalBytes":65536,"chunkSize":921600,"msg":"WebSocketWritableStream sending data with chunking"}
{"level":20,"time":1755117685061,"pid":982071,"hostname":"wolf-laptop","msg":"WebSocketWritableStream clearing buffer"}
{"level":20,"time":1755117685061,"pid":982071,"hostname":"wolf-laptop","bytes":65536,"msg":"WebSocketWritableStream writing data"}
{"level":20,"time":1755117685061,"pid":982071,"hostname":"wolf-laptop","newBufferSize":65536,"addedBytes":65536,"msg":"WebSocketWritableStream buffer updated"}
{"level":20,"time":1755117685061,"pid":982071,"hostname":"wolf-laptop","totalBytes":65536,"chunkSize":921600,"msg":"WebSocketWritableStream sending data with chunking"}
{"level":20,"time":1755117685061,"pid":982071,"hostname":"wolf-laptop","msg":"WebSocketWritableStream clearing buffer"}
{"level":20,"time":1755117685061,"pid":982071,"hostname":"wolf-laptop","bytes":65536,"msg":"WebSocketWritableStream writing data"}
{"level":20,"time":1755117685062,"pid":982071,"hostname":"wolf-laptop","newBufferSize":65536,"addedBytes":65536,"msg":"WebSocketWritableStream buffer updated"}
{"level":20,"time":1755117685062,"pid":982071,"hostname":"wolf-laptop","totalBytes":65536,"chunkSize":921600,"msg":"WebSocketWritableStream sending data with chunking"}
{"level":20,"time":1755117685062,"pid":982071,"hostname":"wolf-laptop","msg":"WebSocketWritableStream clearing buffer"}
{"level":20,"time":1755117685062,"pid":982071,"hostname":"wolf-laptop","bytes":65536,"msg":"WebSocketWritableStream writing data"}
{"level":20,"time":1755117685062,"pid":982071,"hostname":"wolf-laptop","newBufferSize":65536,"addedBytes":65536,"msg":"WebSocketWritableStream buffer updated"}
{"level":20,"time":1755117685062,"pid":982071,"hostname":"wolf-laptop","totalBytes":65536,"chunkSize":921600,"msg":"WebSocketWritableStream sending data with chunking"}
{"level":20,"time":1755117685063,"pid":982071,"hostname":"wolf-laptop","msg":"WebSocketWritableStream clearing buffer"}
{"level":20,"time":1755117685063,"pid":982071,"hostname":"wolf-laptop","bytes":65536,"msg":"WebSocketWritableStream writing data"}
{"level":20,"time":1755117685063,"pid":982071,"hostname":"wolf-laptop","newBufferSize":65536,"addedBytes":65536,"msg":"WebSocketWritableStream buffer updated"}
{"level":20,"time":1755117685063,"pid":982071,"hostname":"wolf-laptop","totalBytes":65536,"chunkSize":921600,"msg":"WebSocketWritableStream sending data with chunking"}
{"level":20,"time":1755117685063,"pid":982071,"hostname":"wolf-laptop","msg":"WebSocketWritableStream clearing buffer"}
{"level":20,"time":1755117685063,"pid":982071,"hostname":"wolf-laptop","bytes":65536,"msg":"WebSocketWritableStream writing data"}
{"level":20,"time":1755117685063,"pid":982071,"hostname":"wolf-laptop","newBufferSize":65536,"addedBytes":65536,"msg":"WebSocketWritableStream buffer updated"}
{"level":20,"time":1755117685063,"pid":982071,"hostname":"wolf-laptop","totalBytes":65536,"chunkSize":921600,"msg":"WebSocketWritableStream sending data with chunking"}
{"level":20,"time":1755117685064,"pid":982071,"hostname":"wolf-laptop","msg":"WebSocketWritableStream clearing buffer"}
{"level":20,"time":1755117685064,"pid":982071,"hostname":"wolf-laptop","bytes":65536,"msg":"WebSocketWritableStream writing data"}
{"level":20,"time":1755117685064,"pid":982071,"hostname":"wolf-laptop","newBufferSize":65536,"addedBytes":65536,"msg":"WebSocketWritableStream buffer updated"}
{"level":20,"time":1755117685064,"pid":982071,"hostname":"wolf-laptop","totalBytes":65536,"chunkSize":921600,"msg":"WebSocketWritableStream sending data with chunking"}
{"level":20,"time":1755117685064,"pid":982071,"hostname":"wolf-laptop","msg":"WebSocketWritableStream clearing buffer"}
{"level":20,"time":1755117685064,"pid":982071,"hostname":"wolf-laptop","bytes":65536,"msg":"WebSocketWritableStream writing data"}
{"level":20,"time":1755117685064,"pid":982071,"hostname":"wolf-laptop","newBufferSize":65536,"addedBytes":65536,"msg":"WebSocketWritableStream buffer updated"}
{"level":20,"time":1755117685064,"pid":982071,"hostname":"wolf-laptop","totalBytes":65536,"chunkSize":921600,"msg":"WebSocketWritableStream sending data with chunking"}
{"level":20,"time":1755117685065,"pid":982071,"hostname":"wolf-laptop","msg":"WebSocketWritableStream clearing buffer"}
{"level":20,"time":1755117685065,"pid":982071,"hostname":"wolf-laptop","bytes":65536,"msg":"WebSocketWritableStream writing data"}
{"level":20,"time":1755117685065,"pid":982071,"hostname":"wolf-laptop","newBufferSize":65536,"addedBytes":65536,"msg":"WebSocketWritableStream buffer updated"}
{"level":20,"time":1755117685065,"pid":982071,"hostname":"wolf-laptop","totalBytes":65536,"chunkSize":921600,"msg":"WebSocketWritableStream sending data with chunking"}
{"level":20,"time":1755117685065,"pid":982071,"hostname":"wolf-laptop","msg":"WebSocketWritableStream clearing buffer"}
{"level":20,"time":1755117685066,"pid":982071,"hostname":"wolf-laptop","bytes":65536,"msg":"WebSocketWritableStream writing data"}
{"level":20,"time":1755117685066,"pid":982071,"hostname":"wolf-laptop","newBufferSize":65536,"addedBytes":65536,"msg":"WebSocketWritableStream buffer updated"}
{"level":20,"time":1755117685066,"pid":982071,"hostname":"wolf-laptop","totalBytes":65536,"chunkSize":921600,"msg":"WebSocketWritableStream sending data with chunking"}
{"level":20,"time":1755117685066,"pid":982071,"hostname":"wolf-laptop","msg":"WebSocketWritableStream clearing buffer"}
{"level":20,"time":1755117685066,"pid":982071,"hostname":"wolf-laptop","bytes":65536,"msg":"WebSocketWritableStream writing data"}
{"level":20,"time":1755117685066,"pid":982071,"hostname":"wolf-laptop","newBufferSize":65536,"addedBytes":65536,"msg":"WebSocketWritableStream buffer updated"}
{"level":20,"time":1755117685066,"pid":982071,"hostname":"wolf-laptop","totalBytes":65536,"chunkSize":921600,"msg":"WebSocketWritableStream sending data with chunking"}
{"level":20,"time":1755117685067,"pid":982071,"hostname":"wolf-laptop","msg":"WebSocketWritableStream clearing buffer"}
{"level":20,"time":1755117685067,"pid":982071,"hostname":"wolf-laptop","bytes":65536,"msg":"WebSocketWritableStream writing data"}
{"level":20,"time":1755117685067,"pid":982071,"hostname":"wolf-laptop","newBufferSize":65536,"addedBytes":65536,"msg":"WebSocketWritableStream buffer updated"}
{"level":20,"time":1755117685067,"pid":982071,"hostname":"wolf-laptop","totalBytes":65536,"chunkSize":921600,"msg":"WebSocketWritableStream sending data with chunking"}
{"level":20,"time":1755117685067,"pid":982071,"hostname":"wolf-laptop","msg":"WebSocketWritableStream clearing buffer"}
{"level":20,"time":1755117685067,"pid":982071,"hostname":"wolf-laptop","bytes":65536,"msg":"WebSocketWritableStream writing data"}
{"level":20,"time":1755117685067,"pid":982071,"hostname":"wolf-laptop","newBufferSize":65536,"addedBytes":65536,"msg":"WebSocketWritableStream buffer updated"}
{"level":20,"time":1755117685067,"pid":982071,"hostname":"wolf-laptop","totalBytes":65536,"chunkSize":921600,"msg":"WebSocketWritableStream sending data with chunking"}
{"level":20,"time":1755117685068,"pid":982071,"hostname":"wolf-laptop","msg":"WebSocketWritableStream clearing buffer"}
{"level":20,"time":1755117685068,"pid":982071,"hostname":"wolf-laptop","bytes":65536,"msg":"WebSocketWritableStream writing data"}
{"level":20,"time":1755117685068,"pid":982071,"hostname":"wolf-laptop","newBufferSize":65536,"addedBytes":65536,"msg":"WebSocketWritableStream buffer updated"}
{"level":20,"time":1755117685068,"pid":982071,"hostname":"wolf-laptop","totalBytes":65536,"chunkSize":921600,"msg":"WebSocketWritableStream sending data with chunking"}
{"level":20,"time":1755117685068,"pid":982071,"hostname":"wolf-laptop","msg":"WebSocketWritableStream clearing buffer"}
{"level":20,"time":1755117685068,"pid":982071,"hostname":"wolf-laptop","bytes":65536,"msg":"WebSocketWritableStream writing data"}
{"level":20,"time":1755117685068,"pid":982071,"hostname":"wolf-laptop","newBufferSize":65536,"addedBytes":65536,"msg":"WebSocketWritableStream buffer updated"}
{"level":20,"time":1755117685068,"pid":982071,"hostname":"wolf-laptop","totalBytes":65536,"chunkSize":921600,"msg":"WebSocketWritableStream sending data with chunking"}
{"level":20,"time":1755117685068,"pid":982071,"hostname":"wolf-laptop","msg":"WebSocketWritableStream clearing buffer"}
{"level":20,"time":1755117685069,"pid":982071,"hostname":"wolf-laptop","bytes":65536,"msg":"WebSocketWritableStream writing data"}
{"level":20,"time":1755117685069,"pid":982071,"hostname":"wolf-laptop","newBufferSize":65536,"addedBytes":65536,"msg":"WebSocketWritableStream buffer updated"}
{"level":20,"time":1755117685069,"pid":982071,"hostname":"wolf-laptop","totalBytes":65536,"chunkSize":921600,"msg":"WebSocketWritableStream sending data with chunking"}
{"level":20,"time":1755117685069,"pid":982071,"hostname":"wolf-laptop","msg":"WebSocketWritableStream clearing buffer"}
{"level":20,"time":1755117685069,"pid":982071,"hostname":"wolf-laptop","msg":"WebSocketWritableStream: finalizing"}
{"level":20,"time":1755117685069,"pid":982071,"hostname":"wolf-laptop","msg":"WebSocketWritableStream finalized without closing WebSocket"}
{"level":20,"time":1755117685070,"pid":982071,"hostname":"wolf-laptop","msg":"WebSocketWritableStream is getting destroyed"}
{"level":30,"time":1755117685077,"pid":982071,"hostname":"wolf-laptop","code":1000,"reason":"","wasClean":true,"msg":"WebSocketReadableStream received close event"}
{"level":30,"time":1755117685077,"pid":982071,"hostname":"wolf-laptop","code":1000,"reason":"","wasClean":true,"msg":"WebSocketWritableStream received close event"}
{"level":30,"time":1755117884417,"pid":982338,"hostname":"wolf-laptop","chunkSize":921600,"msg":"Creating WebSocket streams"}
{"level":20,"time":1755117884418,"pid":982338,"hostname":"wolf-laptop","msg":"WebSocketReadableStream initialized"}
{"level":20,"time":1755117884418,"pid":982338,"hostname":"wolf-laptop","chunkSize":921600,"msg":"WebSocketWritableStream initialized"}
{"level":20,"time":1755117884419,"pid":982338,"hostname":"wolf-laptop","bytes":4,"msg":"WebSocketWritableStream writing data"}
{"level":20,"time":1755117884419,"pid":982338,"hostname":"wolf-laptop","newBufferSize":4,"addedBytes":4,"msg":"WebSocketWritableStream buffer updated"}
{"level":20,"time":1755117884419,"pid":982338,"hostname":"wolf-laptop","totalBytes":4,"chunkSize":921600,"msg":"WebSocketWritableStream sending data with chunking"}
{"level":20,"time":1755117884419,"pid":982338,"hostname":"wolf-laptop","msg":"WebSocketWritableStream clearing buffer"}
{"level":10,"time":1755117884419,"pid":982338,"hostname":"wolf-laptop","msg":"WebSocketReadableStream: _read called"}
{"level":30,"time":1755117884424,"pid":982338,"hostname":"wolf-laptop","code":1000,"reason":"","wasClean":true,"msg":"WebSocketReadableStream received close event"}
{"level":30,"time":1755117884424,"pid":982338,"hostname":"wolf-laptop","code":1000,"reason":"","wasClean":true,"msg":"WebSocketWritableStream received close event"}
{"level":20,"time":1755117884424,"pid":982338,"hostname":"wolf-laptop","msg":"WebSocketReadableStream is getting destroyed"}
{"level":30,"time":1755117884428,"pid":982338,"hostname":"wolf-laptop","chunkSize":921600,"msg":"Creating WebSocket streams"}
{"level":20,"time":1755117884428,"pid":982338,"hostname":"wolf-laptop","msg":"WebSocketReadableStream initialized"}
{"level":20,"time":1755117884428,"pid":982338,"hostname":"wolf-laptop","chunkSize":921600,"msg":"WebSocketWritableStream initialized"}
{"level":20,"time":1755117884434,"pid":982338,"hostname":"wolf-laptop","bytes":65536,"msg":"WebSocketWritableStream writing data"}
{"level":20,"time":1755117884434,"pid":982338,"hostname":"wolf-laptop","newBufferSize":65536,"addedBytes":65536,"msg":"WebSocketWritableStream buffer updated"}
{"level":20,"time":1755117884434,"pid":982338,"hostname":"wolf-laptop","totalBytes":65536,"chunkSize":921600,"msg":"WebSocketWritableStream sending data with chunking"}
{"level":20,"time":1755117884434,"pid":982338,"hostname":"wolf-laptop","msg":"WebSocketWritableStream clearing buffer"}
{"level":20,"time":1755117884434,"pid":982338,"hostname":"wolf-laptop","bytes":65536,"msg":"WebSocketWritableStream writing data"}
{"level":20,"time":1755117884435,"pid":982338,"hostname":"wolf-laptop","newBufferSize":65536,"addedBytes":65536,"msg":"WebSocketWritableStream buffer updated"}
{"level":20,"time":1755117884435,"pid":982338,"hostname":"wolf-laptop","totalBytes":65536,"chunkSize":921600,"msg":"WebSocketWritableStream sending data with chunking"}
{"level":20,"time":1755117884435,"pid":982338,"hostname":"wolf-laptop","msg":"WebSocketWritableStream clearing buffer"}
{"level":20,"time":1755117884435,"pid":982338,"hostname":"wolf-laptop","bytes":65536,"msg":"WebSocketWritableStream writing data"}
{"level":20,"time":1755117884435,"pid":982338,"hostname":"wolf-laptop","newBufferSize":65536,"addedBytes":65536,"msg":"WebSocketWritableStream buffer updated"}
{"level":20,"time":1755117884435,"pid":982338,"hostname":"wolf-laptop","totalBytes":65536,"chunkSize":921600,"msg":"WebSocketWritableStream sending data with chunking"}
{"level":20,"time":1755117884435,"pid":982338,"hostname":"wolf-laptop","msg":"WebSocketWritableStream clearing buffer"}
{"level":20,"time":1755117884435,"pid":982338,"hostname":"wolf-laptop","bytes":65536,"msg":"WebSocketWritableStream writing data"}
{"level":20,"time":1755117884435,"pid":982338,"hostname":"wolf-laptop","newBufferSize":65536,"addedBytes":65536,"msg":"WebSocketWritableStream buffer updated"}
{"level":20,"time":1755117884435,"pid":982338,"hostname":"wolf-laptop","totalBytes":65536,"chunkSize":921600,"msg":"WebSocketWritableStream sending data with chunking"}
{"level":20,"time":1755117884436,"pid":982338,"hostname":"wolf-laptop","msg":"WebSocketWritableStream clearing buffer"}
{"level":20,"time":1755117884436,"pid":982338,"hostname":"wolf-laptop","bytes":65536,"msg":"WebSocketWritableStream writing data"}
{"level":20,"time":1755117884436,"pid":982338,"hostname":"wolf-laptop","newBufferSize":65536,"addedBytes":65536,"msg":"WebSocketWritableStream buffer updated"}
{"level":20,"time":1755117884436,"pid":982338,"hostname":"wolf-laptop","totalBytes":65536,"chunkSize":921600,"msg":"WebSocketWritableStream sending data with chunking"}
{"level":20,"time":1755117884436,"pid":982338,"hostname":"wolf-laptop","msg":"WebSocketWritableStream clearing buffer"}
{"level":20,"time":1755117884436,"pid":982338,"hostname":"wolf-laptop","bytes":65536,"msg":"WebSocketWritableStream writing data"}
{"level":20,"time":1755117884436,"pid":982338,"hostname":"wolf-laptop","newBufferSize":65536,"addedBytes":65536,"msg":"WebSocketWritableStream buffer updated"}
{"level":20,"time":1755117884436,"pid":982338,"hostname":"wolf-laptop","totalBytes":65536,"chunkSize":921600,"msg":"WebSocketWritableStream sending data with chunking"}
{"level":20,"time":1755117884436,"pid":982338,"hostname":"wolf-laptop","msg":"WebSocketWritableStream clearing buffer"}
{"level":20,"time":1755117884437,"pid":982338,"hostname":"wolf-laptop","bytes":65536,"msg":"WebSocketWritableStream writing data"}
{"level":20,"time":1755117884437,"pid":982338,"hostname":"wolf-laptop","newBufferSize":65536,"addedBytes":65536,"msg":"WebSocketWritableStream buffer updated"}
{"level":20,"time":1755117884437,"pid":982338,"hostname":"wolf-laptop","totalBytes":65536,"chunkSize":921600,"msg":"WebSocketWritableStream sending data with chunking"}
{"level":20,"time":1755117884437,"pid":982338,"hostname":"wolf-laptop","msg":"WebSocketWritableStream clearing buffer"}
{"level":20,"time":1755117884437,"pid":982338,"hostname":"wolf-laptop","bytes":65536,"msg":"WebSocketWritableStream writing data"}
{"level":20,"time":1755117884437,"pid":982338,"hostname":"wolf-laptop","newBufferSize":65536,"addedBytes":65536,"msg":"WebSocketWritableStream buffer updated"}
{"level":20,"time":1755117884437,"pid":982338,"hostname":"wolf-laptop","totalBytes":65536,"chunkSize":921600,"msg":"WebSocketWritableStream sending data with chunking"}
{"level":20,"time":1755117884437,"pid":982338,"hostname":"wolf-laptop","msg":"WebSocketWritableStream clearing buffer"}
{"level":20,"time":1755117884437,"pid":982338,"hostname":"wolf-laptop","bytes":65536,"msg":"WebSocketWritableStream writing data"}
{"level":20,"time":1755117884438,"pid":982338,"hostname":"wolf-laptop","newBufferSize":65536,"addedBytes":65536,"msg":"WebSocketWritableStream buffer updated"}
{"level":20,"time":1755117884438,"pid":982338,"hostname":"wolf-laptop","totalBytes":65536,"chunkSize":921600,"msg":"WebSocketWritableStream sending data with chunking"}
{"level":20,"time":1755117884438,"pid":982338,"hostname":"wolf-laptop","msg":"WebSocketWritableStream clearing buffer"}
{"level":20,"time":1755117884438,"pid":982338,"hostname":"wolf-laptop","bytes":65536,"msg":"WebSocketWritableStream writing data"}
{"level":20,"time":1755117884438,"pid":982338,"hostname":"wolf-laptop","newBufferSize":65536,"addedBytes":65536,"msg":"WebSocketWritableStream buffer updated"}
{"level":20,"time":1755117884438,"pid":982338,"hostname":"wolf-laptop","totalBytes":65536,"chunkSize":921600,"msg":"WebSocketWritableStream sending data with chunking"}
{"level":20,"time":1755117884438,"pid":982338,"hostname":"wolf-laptop","msg":"WebSocketWritableStream clearing buffer"}
{"level":20,"time":1755117884439,"pid":982338,"hostname":"wolf-laptop","bytes":65536,"msg":"WebSocketWritableStream writing data"}
{"level":20,"time":1755117884439,"pid":982338,"hostname":"wolf-laptop","newBufferSize":65536,"addedBytes":65536,"msg":"WebSocketWritableStream buffer updated"}
{"level":20,"time":1755117884439,"pid":982338,"hostname":"wolf-laptop","totalBytes":65536,"chunkSize":921600,"msg":"WebSocketWritableStream sending data with chunking"}
{"level":20,"time":1755117884439,"pid":982338,"hostname":"wolf-laptop","msg":"WebSocketWritableStream clearing buffer"}
{"level":20,"time":1755117884439,"pid":982338,"hostname":"wolf-laptop","bytes":65536,"msg":"WebSocketWritableStream writing data"}
{"level":20,"time":1755117884439,"pid":982338,"hostname":"wolf-laptop","newBufferSize":65536,"addedBytes":65536,"msg":"WebSocketWritableStream buffer updated"}
{"level":20,"time":1755117884439,"pid":982338,"hostname":"wolf-laptop","totalBytes":65536,"chunkSize":921600,"msg":"WebSocketWritableStream sending data with chunking"}
{"level":20,"time":1755117884439,"pid":982338,"hostname":"wolf-laptop","msg":"WebSocketWritableStream clearing buffer"}
{"level":20,"time":1755117884439,"pid":982338,"hostname":"wolf-laptop","bytes":65536,"msg":"WebSocketWritableStream writing data"}
{"level":20,"time":1755117884439,"pid":982338,"hostname":"wolf-laptop","newBufferSize":65536,"addedBytes":65536,"msg":"WebSocketWritableStream buffer updated"}
{"level":20,"time":1755117884440,"pid":982338,"hostname":"wolf-laptop","totalBytes":65536,"chunkSize":921600,"msg":"WebSocketWritableStream sending data with chunking"}
{"level":20,"time":1755117884440,"pid":982338,"hostname":"wolf-laptop","msg":"WebSocketWritableStream clearing buffer"}
{"level":20,"time":1755117884440,"pid":982338,"hostname":"wolf-laptop","bytes":65536,"msg":"WebSocketWritableStream writing data"}
{"level":20,"time":1755117884440,"pid":982338,"hostname":"wolf-laptop","newBufferSize":65536,"addedBytes":65536,"msg":"WebSocketWritableStream buffer updated"}
{"level":20,"time":1755117884440,"pid":982338,"hostname":"wolf-laptop","totalBytes":65536,"chunkSize":921600,"msg":"WebSocketWritableStream sending data with chunking"}
{"level":20,"time":1755117884440,"pid":982338,"hostname":"wolf-laptop","msg":"WebSocketWritableStream clearing buffer"}
{"level":20,"time":1755117884440,"pid":982338,"hostname":"wolf-laptop","bytes":65536,"msg":"WebSocketWritableStream writing data"}
{"level":20,"time":1755117884440,"pid":982338,"hostname":"wolf-laptop","newBufferSize":65536,"addedBytes":65536,"msg":"WebSocketWritableStream buffer updated"}
{"level":20,"time":1755117884440,"pid":982338,"hostname":"wolf-laptop","totalBytes":65536,"chunkSize":921600,"msg":"WebSocketWritableStream sending data with chunking"}
{"level":20,"time":1755117884440,"pid":982338,"hostname":"wolf-laptop","msg":"WebSocketWritableStream clearing buffer"}
{"level":20,"time":1755117884441,"pid":982338,"hostname":"wolf-laptop","bytes":65536,"msg":"WebSocketWritableStream writing data"}
{"level":20,"time":1755117884441,"pid":982338,"hostname":"wolf-laptop","newBufferSize":65536,"addedBytes":65536,"msg":"WebSocketWritableStream buffer updated"}
{"level":20,"time":1755117884441,"pid":982338,"hostname":"wolf-laptop","totalBytes":65536,"chunkSize":921600,"msg":"WebSocketWritableStream sending data with chunking"}
{"level":20,"time":1755117884441,"pid":982338,"hostname":"wolf-laptop","msg":"WebSocketWritableStream clearing buffer"}
{"level":20,"time":1755117884441,"pid":982338,"hostname":"wolf-laptop","msg":"WebSocketWritableStream: finalizing"}
{"level":20,"time":1755117884442,"pid":982338,"hostname":"wolf-laptop","msg":"WebSocketWritableStream finalized without closing WebSocket"}
{"level":20,"time":1755117884442,"pid":982338,"hostname":"wolf-laptop","msg":"WebSocketWritableStream is getting destroyed"}
{"level":30,"time":1755117884449,"pid":982338,"hostname":"wolf-laptop","code":1000,"reason":"","wasClean":true,"msg":"WebSocketReadableStream received close event"}
{"level":30,"time":1755117884449,"pid":982338,"hostname":"wolf-laptop","code":1000,"reason":"","wasClean":true,"msg":"WebSocketWritableStream received close event"}
{"level":30,"time":1755117889336,"pid":982517,"hostname":"wolf-laptop","chunkSize":921600,"msg":"Creating WebSocket streams"}
{"level":20,"time":1755117889336,"pid":982517,"hostname":"wolf-laptop","msg":"WebSocketReadableStream initialized"}
{"level":20,"time":1755117889336,"pid":982517,"hostname":"wolf-laptop","chunkSize":921600,"msg":"WebSocketWritableStream initialized"}
{"level":20,"time":1755117889338,"pid":982517,"hostname":"wolf-laptop","bytes":4,"msg":"WebSocketWritableStream writing data"}
{"level":20,"time":1755117889338,"pid":982517,"hostname":"wolf-laptop","newBufferSize":4,"addedBytes":4,"msg":"WebSocketWritableStream buffer updated"}
{"level":20,"time":1755117889338,"pid":982517,"hostname":"wolf-laptop","totalBytes":4,"chunkSize":921600,"msg":"WebSocketWritableStream sending data with chunking"}
{"level":20,"time":1755117889338,"pid":982517,"hostname":"wolf-laptop","msg":"WebSocketWritableStream clearing buffer"}
{"level":10,"time":1755117889339,"pid":982517,"hostname":"wolf-laptop","msg":"WebSocketReadableStream: _read called"}
{"level":30,"time":1755117889343,"pid":982517,"hostname":"wolf-laptop","code":1000,"reason":"","wasClean":true,"msg":"WebSocketReadableStream received close event"}
{"level":30,"time":1755117889343,"pid":982517,"hostname":"wolf-laptop","code":1000,"reason":"","wasClean":true,"msg":"WebSocketWritableStream received close event"}
{"level":20,"time":1755117889344,"pid":982517,"hostname":"wolf-laptop","msg":"WebSocketReadableStream is getting destroyed"}
{"level":30,"time":1755120652990,"pid":982551,"hostname":"wolf-laptop","chunkSize":921600,"msg":"Creating WebSocket streams"}
{"level":20,"time":1755120652991,"pid":982551,"hostname":"wolf-laptop","msg":"WebSocketReadableStream initialized"}
{"level":20,"time":1755120652991,"pid":982551,"hostname":"wolf-laptop","chunkSize":921600,"msg":"WebSocketWritableStream initialized"}
{"level":20,"time":1755120652992,"pid":982551,"hostname":"wolf-laptop","bytes":4,"msg":"WebSocketWritableStream writing data"}
{"level":20,"time":1755120652992,"pid":982551,"hostname":"wolf-laptop","newBufferSize":4,"addedBytes":4,"msg":"WebSocketWritableStream buffer updated"}
{"level":20,"time":1755120652992,"pid":982551,"hostname":"wolf-laptop","totalBytes":4,"chunkSize":921600,"msg":"WebSocketWritableStream sending data with chunking"}
{"level":20,"time":1755120652993,"pid":982551,"hostname":"wolf-laptop","msg":"WebSocketWritableStream clearing buffer"}
{"level":10,"time":1755120652993,"pid":982551,"hostname":"wolf-laptop","msg":"WebSocketReadableStream: _read called"}
{"level":30,"time":1755120652998,"pid":982551,"hostname":"wolf-laptop","code":1000,"reason":"","wasClean":true,"msg":"WebSocketReadableStream received close event"}
{"level":30,"time":1755120652998,"pid":982551,"hostname":"wolf-laptop","code":1000,"reason":"","wasClean":true,"msg":"WebSocketWritableStream received close event"}
{"level":20,"time":1755120653000,"pid":982551,"hostname":"wolf-laptop","msg":"WebSocketReadableStream is getting destroyed"}
{"level":30,"time":1755120655015,"pid":982843,"hostname":"wolf-laptop","chunkSize":921600,"msg":"Creating WebSocket streams"}
{"level":20,"time":1755120655015,"pid":982843,"hostname":"wolf-laptop","msg":"WebSocketReadableStream initialized"}
{"level":20,"time":1755120655015,"pid":982843,"hostname":"wolf-laptop","chunkSize":921600,"msg":"WebSocketWritableStream initialized"}
{"level":20,"time":1755120655016,"pid":982843,"hostname":"wolf-laptop","bytes":4,"msg":"WebSocketWritableStream writing data"}
{"level":20,"time":1755120655017,"pid":982843,"hostname":"wolf-laptop","newBufferSize":4,"addedBytes":4,"msg":"WebSocketWritableStream buffer updated"}
{"level":20,"time":1755120655017,"pid":982843,"hostname":"wolf-laptop","totalBytes":4,"chunkSize":921600,"msg":"WebSocketWritableStream sending data with chunking"}
{"level":20,"time":1755120655017,"pid":982843,"hostname":"wolf-laptop","msg":"WebSocketWritableStream clearing buffer"}
{"level":10,"time":1755120655017,"pid":982843,"hostname":"wolf-laptop","msg":"WebSocketReadableStream: _read called"}
{"level":30,"time":1755120655022,"pid":982843,"hostname":"wolf-laptop","code":1000,"reason":"","wasClean":true,"msg":"WebSocketReadableStream received close event"}
{"level":30,"time":1755120655022,"pid":982843,"hostname":"wolf-laptop","code":1000,"reason":"","wasClean":true,"msg":"WebSocketWritableStream received close event"}
{"level":20,"time":1755120655023,"pid":982843,"hostname":"wolf-laptop","msg":"WebSocketReadableStream is getting destroyed"}
{"level":30,"time":1755120660542,"pid":987717,"hostname":"wolf-laptop","chunkSize":921600,"msg":"Creating WebSocket streams"}
{"level":20,"time":1755120660542,"pid":987717,"hostname":"wolf-laptop","msg":"WebSocketReadableStream initialized"}
{"level":20,"time":1755120660542,"pid":987717,"hostname":"wolf-laptop","chunkSize":921600,"msg":"WebSocketWritableStream initialized"}
{"level":20,"time":1755120660543,"pid":987717,"hostname":"wolf-laptop","bytes":4,"msg":"WebSocketWritableStream writing data"}
{"level":20,"time":1755120660543,"pid":987717,"hostname":"wolf-laptop","newBufferSize":4,"addedBytes":4,"msg":"WebSocketWritableStream buffer updated"}
{"level":20,"time":1755120660543,"pid":987717,"hostname":"wolf-laptop","totalBytes":4,"chunkSize":921600,"msg":"WebSocketWritableStream sending data with chunking"}
{"level":20,"time":1755120660544,"pid":987717,"hostname":"wolf-laptop","msg":"WebSocketWritableStream clearing buffer"}
{"level":10,"time":1755120660544,"pid":987717,"hostname":"wolf-laptop","msg":"WebSocketReadableStream: _read called"}
{"level":30,"time":1755120660549,"pid":987717,"hostname":"wolf-laptop","code":1000,"reason":"","wasClean":true,"msg":"WebSocketReadableStream received close event"}
{"level":30,"time":1755120660550,"pid":987717,"hostname":"wolf-laptop","code":1000,"reason":"","wasClean":true,"msg":"WebSocketWritableStream received close event"}
{"level":20,"time":1755120660551,"pid":987717,"hostname":"wolf-laptop","msg":"WebSocketReadableStream is getting destroyed"}
{"level":30,"time":1755122020863,"pid":997973,"hostname":"wolf-laptop","chunkSize":921600,"msg":"Creating WebSocket streams"}
{"level":20,"time":1755122020863,"pid":997973,"hostname":"wolf-laptop","msg":"WebSocketReadableStream initialized"}
{"level":20,"time":1755122020864,"pid":997973,"hostname":"wolf-laptop","chunkSize":921600,"msg":"WebSocketWritableStream initialized"}
{"level":20,"time":1755122020865,"pid":997973,"hostname":"wolf-laptop","bytes":4,"msg":"WebSocketWritableStream writing data"}
{"level":20,"time":1755122020865,"pid":997973,"hostname":"wolf-laptop","newBufferSize":4,"addedBytes":4,"msg":"WebSocketWritableStream buffer updated"}
{"level":20,"time":1755122020865,"pid":997973,"hostname":"wolf-laptop","totalBytes":4,"chunkSize":921600,"msg":"WebSocketWritableStream sending data with chunking"}
{"level":20,"time":1755122020865,"pid":997973,"hostname":"wolf-laptop","msg":"WebSocketWritableStream clearing buffer"}
{"level":10,"time":1755122020866,"pid":997973,"hostname":"wolf-laptop","msg":"WebSocketReadableStream: _read called"}
{"level":30,"time":1755122020870,"pid":997973,"hostname":"wolf-laptop","code":1000,"reason":"","wasClean":true,"msg":"WebSocketReadableStream received close event"}
{"level":30,"time":1755122020870,"pid":997973,"hostname":"wolf-laptop","code":1000,"reason":"","wasClean":true,"msg":"WebSocketWritableStream received close event"}
{"level":20,"time":1755122020871,"pid":997973,"hostname":"wolf-laptop","msg":"WebSocketReadableStream is getting destroyed"}
{"level":30,"time":1755122047701,"pid":1136962,"hostname":"wolf-laptop","chunkSize":921600,"msg":"Creating WebSocket streams"}
{"level":20,"time":1755122047701,"pid":1136962,"hostname":"wolf-laptop","msg":"WebSocketReadableStream initialized"}
{"level":20,"time":1755122047702,"pid":1136962,"hostname":"wolf-laptop","chunkSize":921600,"msg":"WebSocketWritableStream initialized"}
{"level":20,"time":1755122047703,"pid":1136962,"hostname":"wolf-laptop","bytes":4,"msg":"WebSocketWritableStream writing data"}
{"level":20,"time":1755122047703,"pid":1136962,"hostname":"wolf-laptop","newBufferSize":4,"addedBytes":4,"msg":"WebSocketWritableStream buffer updated"}
{"level":20,"time":1755122047703,"pid":1136962,"hostname":"wolf-laptop","totalBytes":4,"chunkSize":921600,"msg":"WebSocketWritableStream sending data with chunking"}
{"level":20,"time":1755122047703,"pid":1136962,"hostname":"wolf-laptop","msg":"WebSocketWritableStream clearing buffer"}
{"level":10,"time":1755122047703,"pid":1136962,"hostname":"wolf-laptop","msg":"WebSocketReadableStream: _read called"}
{"level":30,"time":1755122047708,"pid":1136962,"hostname":"wolf-laptop","code":1000,"reason":"","wasClean":true,"msg":"WebSocketReadableStream received close event"}
{"level":30,"time":1755122047708,"pid":1136962,"hostname":"wolf-laptop","code":1000,"reason":"","wasClean":true,"msg":"WebSocketWritableStream received close event"}
{"level":20,"time":1755122047710,"pid":1136962,"hostname":"wolf-laptop","msg":"WebSocketReadableStream is getting destroyed"}
{"level":30,"time":1755122538565,"pid":1198778,"hostname":"wolf-laptop","chunkSize":921600,"msg":"Creating WebSocket streams"}
{"level":20,"time":1755122538566,"pid":1198778,"hostname":"wolf-laptop","msg":"WebSocketReadableStream initialized"}
{"level":20,"time":1755122538566,"pid":1198778,"hostname":"wolf-laptop","chunkSize":921600,"msg":"WebSocketWritableStream initialized"}
{"level":20,"time":1755122538569,"pid":1198778,"hostname":"wolf-laptop","bytes":4,"msg":"WebSocketWritableStream writing data"}
{"level":20,"time":1755122538569,"pid":1198778,"hostname":"wolf-laptop","newBufferSize":4,"addedBytes":4,"msg":"WebSocketWritableStream buffer updated"}
{"level":20,"time":1755122538569,"pid":1198778,"hostname":"wolf-laptop","totalBytes":4,"chunkSize":921600,"msg":"WebSocketWritableStream sending data with chunking"}
{"level":20,"time":1755122538569,"pid":1198778,"hostname":"wolf-laptop","msg":"WebSocketWritableStream clearing buffer"}
{"level":10,"time":1755122538570,"pid":1198778,"hostname":"wolf-laptop","msg":"WebSocketReadableStream: _read called"}
{"level":30,"time":1755122538574,"pid":1198778,"hostname":"wolf-laptop","code":1000,"reason":"","wasClean":true,"msg":"WebSocketReadableStream received close event"}
{"level":30,"time":1755122538574,"pid":1198778,"hostname":"wolf-laptop","code":1000,"reason":"","wasClean":true,"msg":"WebSocketWritableStream received close event"}
{"level":20,"time":1755122538576,"pid":1198778,"hostname":"wolf-laptop","msg":"WebSocketReadableStream is getting destroyed"}
{"level":30,"time":1755123602271,"pid":1273692,"hostname":"wolf-laptop","chunkSize":921600,"msg":"Creating WebSocket streams"}
{"level":20,"time":1755123602272,"pid":1273692,"hostname":"wolf-laptop","msg":"WebSocketReadableStream initialized"}
{"level":20,"time":1755123602272,"pid":1273692,"hostname":"wolf-laptop","chunkSize":921600,"msg":"WebSocketWritableStream initialized"}
{"level":20,"time":1755123602273,"pid":1273692,"hostname":"wolf-laptop","bytes":4,"msg":"WebSocketWritableStream writing data"}
{"level":20,"time":1755123602273,"pid":1273692,"hostname":"wolf-laptop","newBufferSize":4,"addedBytes":4,"msg":"WebSocketWritableStream buffer updated"}
{"level":20,"time":1755123602273,"pid":1273692,"hostname":"wolf-laptop","totalBytes":4,"chunkSize":921600,"msg":"WebSocketWritableStream sending data with chunking"}
{"level":20,"time":1755123602274,"pid":1273692,"hostname":"wolf-laptop","msg":"WebSocketWritableStream clearing buffer"}
{"level":10,"time":1755123602274,"pid":1273692,"hostname":"wolf-laptop","msg":"WebSocketReadableStream: _read called"}
{"level":30,"time":1755123602280,"pid":1273692,"hostname":"wolf-laptop","code":1000,"reason":"","wasClean":true,"msg":"WebSocketReadableStream received close event"}
{"level":30,"time":1755123602280,"pid":1273692,"hostname":"wolf-laptop","code":1000,"reason":"","wasClean":true,"msg":"WebSocketWritableStream received close event"}
{"level":20,"time":1755123602281,"pid":1273692,"hostname":"wolf-laptop","msg":"WebSocketReadableStream is getting destroyed"}
{"level":30,"time":1755123650400,"pid":1276167,"hostname":"wolf-laptop","chunkSize":921600,"msg":"Creating WebSocket streams"}
{"level":20,"time":1755123650400,"pid":1276167,"hostname":"wolf-laptop","msg":"WebSocketReadableStream initialized"}
{"level":20,"time":1755123650400,"pid":1276167,"hostname":"wolf-laptop","chunkSize":921600,"msg":"WebSocketWritableStream initialized"}
{"level":20,"time":1755123650402,"pid":1276167,"hostname":"wolf-laptop","bytes":4,"msg":"WebSocketWritableStream writing data"}
{"level":20,"time":1755123650402,"pid":1276167,"hostname":"wolf-laptop","newBufferSize":4,"addedBytes":4,"msg":"WebSocketWritableStream buffer updated"}
{"level":20,"time":1755123650402,"pid":1276167,"hostname":"wolf-laptop","totalBytes":4,"chunkSize":921600,"msg":"WebSocketWritableStream sending data with chunking"}
{"level":20,"time":1755123650403,"pid":1276167,"hostname":"wolf-laptop","msg":"WebSocketWritableStream clearing buffer"}
{"level":10,"time":1755123650403,"pid":1276167,"hostname":"wolf-laptop","msg":"WebSocketReadableStream: _read called"}
{"level":30,"time":1755123650408,"pid":1276167,"hostname":"wolf-laptop","code":1000,"reason":"","wasClean":true,"msg":"WebSocketReadableStream received close event"}
{"level":30,"time":1755123650408,"pid":1276167,"hostname":"wolf-laptop","code":1000,"reason":"","wasClean":true,"msg":"WebSocketWritableStream received close event"}
{"level":20,"time":1755123650409,"pid":1276167,"hostname":"wolf-laptop","msg":"WebSocketReadableStream is getting destroyed"}
{"level":30,"time":1755124234511,"pid":1276383,"hostname":"wolf-laptop","chunkSize":921600,"msg":"Creating WebSocket streams"}
{"level":20,"time":1755124234512,"pid":1276383,"hostname":"wolf-laptop","msg":"WebSocketReadableStream initialized"}
{"level":20,"time":1755124234512,"pid":1276383,"hostname":"wolf-laptop","chunkSize":921600,"msg":"WebSocketWritableStream initialized"}
{"level":20,"time":1755124234513,"pid":1276383,"hostname":"wolf-laptop","bytes":4,"msg":"WebSocketWritableStream writing data"}
{"level":20,"time":1755124234513,"pid":1276383,"hostname":"wolf-laptop","newBufferSize":4,"addedBytes":4,"msg":"WebSocketWritableStream buffer updated"}
{"level":20,"time":1755124234513,"pid":1276383,"hostname":"wolf-laptop","totalBytes":4,"chunkSize":921600,"msg":"WebSocketWritableStream sending data with chunking"}
{"level":20,"time":1755124234514,"pid":1276383,"hostname":"wolf-laptop","msg":"WebSocketWritableStream clearing buffer"}
{"level":10,"time":1755124234514,"pid":1276383,"hostname":"wolf-laptop","msg":"WebSocketReadableStream: _read called"}
{"level":30,"time":1755124234519,"pid":1276383,"hostname":"wolf-laptop","code":1000,"reason":"","wasClean":true,"msg":"WebSocketReadableStream received close event"}
{"level":30,"time":1755124234519,"pid":1276383,"hostname":"wolf-laptop","code":1000,"reason":"","wasClean":true,"msg":"WebSocketWritableStream received close event"}
{"level":20,"time":1755124234520,"pid":1276383,"hostname":"wolf-laptop","msg":"WebSocketReadableStream is getting destroyed"}
{"level":30,"time":1755124257612,"pid":1288152,"hostname":"wolf-laptop","chunkSize":921600,"msg":"Creating WebSocket streams"}
{"level":20,"time":1755124257613,"pid":1288152,"hostname":"wolf-laptop","msg":"WebSocketReadableStream initialized"}
{"level":20,"time":1755124257613,"pid":1288152,"hostname":"wolf-laptop","chunkSize":921600,"msg":"WebSocketWritableStream initialized"}
{"level":20,"time":1755124257615,"pid":1288152,"hostname":"wolf-laptop","bytes":4,"msg":"WebSocketWritableStream writing data"}
{"level":20,"time":1755124257615,"pid":1288152,"hostname":"wolf-laptop","newBufferSize":4,"addedBytes":4,"msg":"WebSocketWritableStream buffer updated"}
{"level":20,"time":1755124257615,"pid":1288152,"hostname":"wolf-laptop","totalBytes":4,"chunkSize":921600,"msg":"WebSocketWritableStream sending data with chunking"}
{"level":20,"time":1755124257616,"pid":1288152,"hostname":"wolf-laptop","msg":"WebSocketWritableStream clearing buffer"}
{"level":10,"time":1755124257616,"pid":1288152,"hostname":"wolf-laptop","msg":"WebSocketReadableStream: _read called"}
{"level":30,"time":1755124257622,"pid":1288152,"hostname":"wolf-laptop","code":1000,"reason":"","wasClean":true,"msg":"WebSocketReadableStream received close event"}
{"level":30,"time":1755124257622,"pid":1288152,"hostname":"wolf-laptop","code":1000,"reason":"","wasClean":true,"msg":"WebSocketWritableStream received close event"}
{"level":20,"time":1755124257623,"pid":1288152,"hostname":"wolf-laptop","msg":"WebSocketReadableStream is getting destroyed"}
{"level":30,"time":1755126435161,"pid":1326821,"hostname":"wolf-laptop","chunkSize":921600,"msg":"Creating WebSocket streams"}
{"level":20,"time":1755126435162,"pid":1326821,"hostname":"wolf-laptop","msg":"WebSocketReadableStream initialized"}
{"level":20,"time":1755126435162,"pid":1326821,"hostname":"wolf-laptop","chunkSize":921600,"msg":"WebSocketWritableStream initialized"}
{"level":20,"time":1755126435163,"pid":1326821,"hostname":"wolf-laptop","bytes":4,"msg":"WebSocketWritableStream writing data"}
{"level":20,"time":1755126435164,"pid":1326821,"hostname":"wolf-laptop","newBufferSize":4,"addedBytes":4,"msg":"WebSocketWritableStream buffer updated"}
{"level":20,"time":1755126435164,"pid":1326821,"hostname":"wolf-laptop","totalBytes":4,"chunkSize":921600,"msg":"WebSocketWritableStream sending data with chunking"}
{"level":20,"time":1755126435164,"pid":1326821,"hostname":"wolf-laptop","msg":"WebSocketWritableStream clearing buffer"}
{"level":10,"time":1755126435164,"pid":1326821,"hostname":"wolf-laptop","msg":"WebSocketReadableStream: _read called"}
{"level":30,"time":1755126435169,"pid":1326821,"hostname":"wolf-laptop","code":1000,"reason":"","wasClean":true,"msg":"WebSocketReadableStream received close event"}
{"level":30,"time":1755126435170,"pid":1326821,"hostname":"wolf-laptop","code":1000,"reason":"","wasClean":true,"msg":"WebSocketWritableStream received close event"}
{"level":20,"time":1755126435171,"pid":1326821,"hostname":"wolf-laptop","msg":"WebSocketReadableStream is getting destroyed"}
{"level":30,"time":1755126699129,"pid":1367292,"hostname":"wolf-laptop","chunkSize":921600,"msg":"Creating WebSocket streams"}
{"level":20,"time":1755126699129,"pid":1367292,"hostname":"wolf-laptop","msg":"WebSocketReadableStream initialized"}
{"level":20,"time":1755126699130,"pid":1367292,"hostname":"wolf-laptop","chunkSize":921600,"msg":"WebSocketWritableStream initialized"}
{"level":20,"time":1755126699131,"pid":1367292,"hostname":"wolf-laptop","bytes":4,"msg":"WebSocketWritableStream writing data"}
{"level":20,"time":1755126699132,"pid":1367292,"hostname":"wolf-laptop","newBufferSize":4,"addedBytes":4,"msg":"WebSocketWritableStream buffer updated"}
{"level":20,"time":1755126699132,"pid":1367292,"hostname":"wolf-laptop","totalBytes":4,"chunkSize":921600,"msg":"WebSocketWritableStream sending data with chunking"}
{"level":20,"time":1755126699132,"pid":1367292,"hostname":"wolf-laptop","msg":"WebSocketWritableStream clearing buffer"}
{"level":10,"time":1755126699133,"pid":1367292,"hostname":"wolf-laptop","msg":"WebSocketReadableStream: _read called"}
{"level":30,"time":1755126699138,"pid":1367292,"hostname":"wolf-laptop","code":1000,"reason":"","wasClean":true,"msg":"WebSocketReadableStream received close event"}
{"level":30,"time":1755126699138,"pid":1367292,"hostname":"wolf-laptop","code":1000,"reason":"","wasClean":true,"msg":"WebSocketWritableStream received close event"}
{"level":20,"time":1755126699140,"pid":1367292,"hostname":"wolf-laptop","msg":"WebSocketReadableStream is getting destroyed"}
{"level":30,"time":1755126931642,"pid":1404768,"hostname":"wolf-laptop","chunkSize":921600,"msg":"Creating WebSocket streams"}
{"level":20,"time":1755126931643,"pid":1404768,"hostname":"wolf-laptop","msg":"WebSocketReadableStream initialized"}
{"level":20,"time":1755126931643,"pid":1404768,"hostname":"wolf-laptop","chunkSize":921600,"msg":"WebSocketWritableStream initialized"}
{"level":20,"time":1755126931644,"pid":1404768,"hostname":"wolf-laptop","bytes":4,"msg":"WebSocketWritableStream writing data"}
{"level":20,"time":1755126931644,"pid":1404768,"hostname":"wolf-laptop","newBufferSize":4,"addedBytes":4,"msg":"WebSocketWritableStream buffer updated"}
{"level":20,"time":1755126931644,"pid":1404768,"hostname":"wolf-laptop","totalBytes":4,"chunkSize":921600,"msg":"WebSocketWritableStream sending data with chunking"}
{"level":20,"time":1755126931645,"pid":1404768,"hostname":"wolf-laptop","msg":"WebSocketWritableStream clearing buffer"}
{"level":10,"time":1755126931645,"pid":1404768,"hostname":"wolf-laptop","msg":"WebSocketReadableStream: _read called"}
{"level":30,"time":1755126931650,"pid":1404768,"hostname":"wolf-laptop","code":1000,"reason":"","wasClean":true,"msg":"WebSocketReadableStream received close event"}
{"level":30,"time":1755126931650,"pid":1404768,"hostname":"wolf-laptop","code":1000,"reason":"","wasClean":true,"msg":"WebSocketWritableStream received close event"}
{"level":20,"time":1755126931652,"pid":1404768,"hostname":"wolf-laptop","msg":"WebSocketReadableStream is getting destroyed"}
{"level":30,"time":1755126936522,"pid":1420244,"hostname":"wolf-laptop","chunkSize":921600,"msg":"Creating WebSocket streams"}
{"level":20,"time":1755126936523,"pid":1420244,"hostname":"wolf-laptop","msg":"WebSocketReadableStream initialized"}
{"level":20,"time":1755126936523,"pid":1420244,"hostname":"wolf-laptop","chunkSize":921600,"msg":"WebSocketWritableStream initialized"}
{"level":20,"time":1755126936526,"pid":1420244,"hostname":"wolf-laptop","bytes":4,"msg":"WebSocketWritableStream writing data"}
{"level":20,"time":1755126936527,"pid":1420244,"hostname":"wolf-laptop","newBufferSize":4,"addedBytes":4,"msg":"WebSocketWritableStream buffer updated"}
{"level":20,"time":1755126936527,"pid":1420244,"hostname":"wolf-laptop","totalBytes":4,"chunkSize":921600,"msg":"WebSocketWritableStream sending data with chunking"}
{"level":20,"time":1755126936527,"pid":1420244,"hostname":"wolf-laptop","msg":"WebSocketWritableStream clearing buffer"}
{"level":10,"time":1755126936528,"pid":1420244,"hostname":"wolf-laptop","msg":"WebSocketReadableStream: _read called"}
{"level":30,"time":1755126936533,"pid":1420244,"hostname":"wolf-laptop","code":1000,"reason":"","wasClean":true,"msg":"WebSocketReadableStream received close event"}
{"level":30,"time":1755126936534,"pid":1420244,"hostname":"wolf-laptop","code":1000,"reason":"","wasClean":true,"msg":"WebSocketWritableStream received close event"}
{"level":20,"time":1755126936535,"pid":1420244,"hostname":"wolf-laptop","msg":"WebSocketReadableStream is getting destroyed"}
{"level":30,"time":1755127072616,"pid":1431925,"hostname":"wolf-laptop","chunkSize":921600,"msg":"Creating WebSocket streams"}
{"level":20,"time":1755127072617,"pid":1431925,"hostname":"wolf-laptop","msg":"WebSocketReadableStream initialized"}
{"level":20,"time":1755127072617,"pid":1431925,"hostname":"wolf-laptop","chunkSize":921600,"msg":"WebSocketWritableStream initialized"}
{"level":20,"time":1755127072621,"pid":1431925,"hostname":"wolf-laptop","bytes":4,"msg":"WebSocketWritableStream writing data"}
{"level":20,"time":1755127072621,"pid":1431925,"hostname":"wolf-laptop","newBufferSize":4,"addedBytes":4,"msg":"WebSocketWritableStream buffer updated"}
{"level":20,"time":1755127072621,"pid":1431925,"hostname":"wolf-laptop","totalBytes":4,"chunkSize":921600,"msg":"WebSocketWritableStream sending data with chunking"}
{"level":20,"time":1755127072622,"pid":1431925,"hostname":"wolf-laptop","msg":"WebSocketWritableStream clearing buffer"}
{"level":10,"time":1755127072623,"pid":1431925,"hostname":"wolf-laptop","msg":"WebSocketReadableStream: _read called"}
{"level":30,"time":1755127072628,"pid":1431925,"hostname":"wolf-laptop","code":1000,"reason":"","wasClean":true,"msg":"WebSocketReadableStream received close event"}
{"level":30,"time":1755127072628,"pid":1431925,"hostname":"wolf-laptop","code":1000,"reason":"","wasClean":true,"msg":"WebSocketWritableStream received close event"}
{"level":20,"time":1755127072629,"pid":1431925,"hostname":"wolf-laptop","msg":"WebSocketReadableStream is getting destroyed"}
{"level":30,"time":1755127753159,"pid":1439272,"hostname":"wolf-laptop","chunkSize":921600,"msg":"Creating WebSocket streams"}
{"level":20,"time":1755127753159,"pid":1439272,"hostname":"wolf-laptop","msg":"WebSocketReadableStream initialized"}
{"level":20,"time":1755127753160,"pid":1439272,"hostname":"wolf-laptop","chunkSize":921600,"msg":"WebSocketWritableStream initialized"}
{"level":20,"time":1755127753161,"pid":1439272,"hostname":"wolf-laptop","bytes":4,"msg":"WebSocketWritableStream writing data"}
{"level":20,"time":1755127753161,"pid":1439272,"hostname":"wolf-laptop","newBufferSize":4,"addedBytes":4,"msg":"WebSocketWritableStream buffer updated"}
{"level":20,"time":1755127753161,"pid":1439272,"hostname":"wolf-laptop","totalBytes":4,"chunkSize":921600,"msg":"WebSocketWritableStream sending data with chunking"}
{"level":20,"time":1755127753162,"pid":1439272,"hostname":"wolf-laptop","msg":"WebSocketWritableStream clearing buffer"}
{"level":10,"time":1755127753162,"pid":1439272,"hostname":"wolf-laptop","msg":"WebSocketReadableStream: _read called"}
{"level":30,"time":1755127753168,"pid":1439272,"hostname":"wolf-laptop","code":1000,"reason":"","wasClean":true,"msg":"WebSocketReadableStream received close event"}
{"level":30,"time":1755127753168,"pid":1439272,"hostname":"wolf-laptop","code":1000,"reason":"","wasClean":true,"msg":"WebSocketWritableStream received close event"}
{"level":20,"time":1755127753169,"pid":1439272,"hostname":"wolf-laptop","msg":"WebSocketReadableStream is getting destroyed"}
{"level":30,"time":1755129108945,"pid":1471893,"hostname":"wolf-laptop","chunkSize":921600,"msg":"Creating WebSocket streams"}
{"level":20,"time":1755129108946,"pid":1471893,"hostname":"wolf-laptop","msg":"WebSocketReadableStream initialized"}
{"level":20,"time":1755129108946,"pid":1471893,"hostname":"wolf-laptop","chunkSize":921600,"msg":"WebSocketWritableStream initialized"}
{"level":20,"time":1755129108948,"pid":1471893,"hostname":"wolf-laptop","bytes":4,"msg":"WebSocketWritableStream writing data"}
{"level":20,"time":1755129108948,"pid":1471893,"hostname":"wolf-laptop","newBufferSize":4,"addedBytes":4,"msg":"WebSocketWritableStream buffer updated"}
{"level":20,"time":1755129108948,"pid":1471893,"hostname":"wolf-laptop","totalBytes":4,"chunkSize":921600,"msg":"WebSocketWritableStream sending data with chunking"}
{"level":20,"time":1755129108948,"pid":1471893,"hostname":"wolf-laptop","msg":"WebSocketWritableStream clearing buffer"}
{"level":10,"time":1755129108949,"pid":1471893,"hostname":"wolf-laptop","msg":"WebSocketReadableStream: _read called"}
{"level":30,"time":1755129108953,"pid":1471893,"hostname":"wolf-laptop","code":1000,"reason":"","wasClean":true,"msg":"WebSocketReadableStream received close event"}
{"level":30,"time":1755129108954,"pid":1471893,"hostname":"wolf-laptop","code":1000,"reason":"","wasClean":true,"msg":"WebSocketWritableStream received close event"}
{"level":20,"time":1755129108955,"pid":1471893,"hostname":"wolf-laptop","msg":"WebSocketReadableStream is getting destroyed"}
{"level":30,"time":1755129112122,"pid":1471951,"hostname":"wolf-laptop","chunkSize":921600,"msg":"Creating WebSocket streams"}
{"level":20,"time":1755129112122,"pid":1471951,"hostname":"wolf-laptop","msg":"WebSocketReadableStream initialized"}
{"level":20,"time":1755129112123,"pid":1471951,"hostname":"wolf-laptop","chunkSize":921600,"msg":"WebSocketWritableStream initialized"}
{"level":20,"time":1755129112124,"pid":1471951,"hostname":"wolf-laptop","bytes":4,"msg":"WebSocketWritableStream writing data"}
{"level":20,"time":1755129112124,"pid":1471951,"hostname":"wolf-laptop","newBufferSize":4,"addedBytes":4,"msg":"WebSocketWritableStream buffer updated"}
{"level":20,"time":1755129112124,"pid":1471951,"hostname":"wolf-laptop","totalBytes":4,"chunkSize":921600,"msg":"WebSocketWritableStream sending data with chunking"}
{"level":20,"time":1755129112125,"pid":1471951,"hostname":"wolf-laptop","msg":"WebSocketWritableStream clearing buffer"}
{"level":10,"time":1755129112125,"pid":1471951,"hostname":"wolf-laptop","msg":"WebSocketReadableStream: _read called"}
{"level":30,"time":1755129112131,"pid":1471951,"hostname":"wolf-laptop","code":1000,"reason":"","wasClean":true,"msg":"WebSocketReadableStream received close event"}
{"level":30,"time":1755129112131,"pid":1471951,"hostname":"wolf-laptop","code":1000,"reason":"","wasClean":true,"msg":"WebSocketWritableStream received close event"}
{"level":20,"time":1755129112133,"pid":1471951,"hostname":"wolf-laptop","msg":"WebSocketReadableStream is getting destroyed"}
{"level":30,"time":1755129114426,"pid":1533972,"hostname":"wolf-laptop","chunkSize":921600,"msg":"Creating WebSocket streams"}
{"level":20,"time":1755129114427,"pid":1533972,"hostname":"wolf-laptop","msg":"WebSocketReadableStream initialized"}
{"level":20,"time":1755129114427,"pid":1533972,"hostname":"wolf-laptop","chunkSize":921600,"msg":"WebSocketWritableStream initialized"}
{"level":20,"time":1755129114428,"pid":1533972,"hostname":"wolf-laptop","bytes":4,"msg":"WebSocketWritableStream writing data"}
{"level":20,"time":1755129114429,"pid":1533972,"hostname":"wolf-laptop","newBufferSize":4,"addedBytes":4,"msg":"WebSocketWritableStream buffer updated"}
{"level":20,"time":1755129114429,"pid":1533972,"hostname":"wolf-laptop","totalBytes":4,"chunkSize":921600,"msg":"WebSocketWritableStream sending data with chunking"}
{"level":20,"time":1755129114429,"pid":1533972,"hostname":"wolf-laptop","msg":"WebSocketWritableStream clearing buffer"}
{"level":10,"time":1755129114430,"pid":1533972,"hostname":"wolf-laptop","msg":"WebSocketReadableStream: _read called"}
{"level":30,"time":1755129114435,"pid":1533972,"hostname":"wolf-laptop","code":1000,"reason":"","wasClean":true,"msg":"WebSocketReadableStream received close event"}
{"level":30,"time":1755129114435,"pid":1533972,"hostname":"wolf-laptop","code":1000,"reason":"","wasClean":true,"msg":"WebSocketWritableStream received close event"}
{"level":20,"time":1755129114436,"pid":1533972,"hostname":"wolf-laptop","msg":"WebSocketReadableStream is getting destroyed"}
{"level":30,"time":1755129119049,"pid":1534032,"hostname":"wolf-laptop","chunkSize":921600,"msg":"Creating WebSocket streams"}
{"level":20,"time":1755129119050,"pid":1534032,"hostname":"wolf-laptop","msg":"WebSocketReadableStream initialized"}
{"level":20,"time":1755129119050,"pid":1534032,"hostname":"wolf-laptop","chunkSize":921600,"msg":"WebSocketWritableStream initialized"}
{"level":20,"time":1755129119051,"pid":1534032,"hostname":"wolf-laptop","bytes":4,"msg":"WebSocketWritableStream writing data"}
{"level":20,"time":1755129119051,"pid":1534032,"hostname":"wolf-laptop","newBufferSize":4,"addedBytes":4,"msg":"WebSocketWritableStream buffer updated"}
{"level":20,"time":1755129119051,"pid":1534032,"hostname":"wolf-laptop","totalBytes":4,"chunkSize":921600,"msg":"WebSocketWritableStream sending data with chunking"}
{"level":20,"time":1755129119052,"pid":1534032,"hostname":"wolf-laptop","msg":"WebSocketWritableStream clearing buffer"}
{"level":10,"time":1755129119052,"pid":1534032,"hostname":"wolf-laptop","msg":"WebSocketReadableStream: _read called"}
{"level":30,"time":1755129119057,"pid":1534032,"hostname":"wolf-laptop","code":1000,"reason":"","wasClean":true,"msg":"WebSocketReadableStream received close event"}
{"level":30,"time":1755129119057,"pid":1534032,"hostname":"wolf-laptop","code":1000,"reason":"","wasClean":true,"msg":"WebSocketWritableStream received close event"}
{"level":20,"time":1755129119058,"pid":1534032,"hostname":"wolf-laptop","msg":"WebSocketReadableStream is getting destroyed"}
{"level":30,"time":1755129210356,"pid":1534507,"hostname":"wolf-laptop","chunkSize":921600,"msg":"Creating WebSocket streams"}
{"level":20,"time":1755129210357,"pid":1534507,"hostname":"wolf-laptop","msg":"WebSocketReadableStream initialized"}
{"level":20,"time":1755129210357,"pid":1534507,"hostname":"wolf-laptop","chunkSize":921600,"msg":"WebSocketWritableStream initialized"}
{"level":20,"time":1755129210359,"pid":1534507,"hostname":"wolf-laptop","bytes":4,"msg":"WebSocketWritableStream writing data"}
{"level":20,"time":1755129210359,"pid":1534507,"hostname":"wolf-laptop","newBufferSize":4,"addedBytes":4,"msg":"WebSocketWritableStream buffer updated"}
{"level":20,"time":1755129210359,"pid":1534507,"hostname":"wolf-laptop","totalBytes":4,"chunkSize":921600,"msg":"WebSocketWritableStream sending data with chunking"}
{"level":20,"time":1755129210360,"pid":1534507,"hostname":"wolf-laptop","msg":"WebSocketWritableStream clearing buffer"}
{"level":10,"time":1755129210360,"pid":1534507,"hostname":"wolf-laptop","msg":"WebSocketReadableStream: _read called"}
{"level":30,"time":1755129210365,"pid":1534507,"hostname":"wolf-laptop","code":1000,"reason":"","wasClean":true,"msg":"WebSocketReadableStream received close event"}
{"level":30,"time":1755129210366,"pid":1534507,"hostname":"wolf-laptop","code":1000,"reason":"","wasClean":true,"msg":"WebSocketWritableStream received close event"}
{"level":20,"time":1755129210367,"pid":1534507,"hostname":"wolf-laptop","msg":"WebSocketReadableStream is getting destroyed"}
{"level":30,"time":1755129329484,"pid":1538893,"hostname":"wolf-laptop","chunkSize":921600,"msg":"Creating WebSocket streams"}
{"level":20,"time":1755129329485,"pid":1538893,"hostname":"wolf-laptop","msg":"WebSocketReadableStream initialized"}
{"level":20,"time":1755129329485,"pid":1538893,"hostname":"wolf-laptop","chunkSize":921600,"msg":"WebSocketWritableStream initialized"}
{"level":20,"time":1755129329486,"pid":1538893,"hostname":"wolf-laptop","bytes":4,"msg":"WebSocketWritableStream writing data"}
{"level":20,"time":1755129329486,"pid":1538893,"hostname":"wolf-laptop","newBufferSize":4,"addedBytes":4,"msg":"WebSocketWritableStream buffer updated"}
{"level":20,"time":1755129329487,"pid":1538893,"hostname":"wolf-laptop","totalBytes":4,"chunkSize":921600,"msg":"WebSocketWritableStream sending data with chunking"}
{"level":20,"time":1755129329487,"pid":1538893,"hostname":"wolf-laptop","msg":"WebSocketWritableStream clearing buffer"}
{"level":10,"time":1755129329488,"pid":1538893,"hostname":"wolf-laptop","msg":"WebSocketReadableStream: _read called"}
{"level":30,"time":1755129329493,"pid":1538893,"hostname":"wolf-laptop","code":1000,"reason":"","wasClean":true,"msg":"WebSocketReadableStream received close event"}
{"level":30,"time":1755129329493,"pid":1538893,"hostname":"wolf-laptop","code":1000,"reason":"","wasClean":true,"msg":"WebSocketWritableStream received close event"}
{"level":20,"time":1755129329494,"pid":1538893,"hostname":"wolf-laptop","msg":"WebSocketReadableStream is getting destroyed"}
{"level":30,"time":1755129340618,"pid":1544622,"hostname":"wolf-laptop","chunkSize":921600,"msg":"Creating WebSocket streams"}
{"level":20,"time":1755129340618,"pid":1544622,"hostname":"wolf-laptop","msg":"WebSocketReadableStream initialized"}
{"level":20,"time":1755129340618,"pid":1544622,"hostname":"wolf-laptop","chunkSize":921600,"msg":"WebSocketWritableStream initialized"}
{"level":20,"time":1755129340620,"pid":1544622,"hostname":"wolf-laptop","bytes":4,"msg":"WebSocketWritableStream writing data"}
{"level":20,"time":1755129340620,"pid":1544622,"hostname":"wolf-laptop","newBufferSize":4,"addedBytes":4,"msg":"WebSocketWritableStream buffer updated"}
{"level":20,"time":1755129340620,"pid":1544622,"hostname":"wolf-laptop","totalBytes":4,"chunkSize":921600,"msg":"WebSocketWritableStream sending data with chunking"}
{"level":20,"time":1755129340620,"pid":1544622,"hostname":"wolf-laptop","msg":"WebSocketWritableStream clearing buffer"}
{"level":10,"time":1755129340621,"pid":1544622,"hostname":"wolf-laptop","msg":"WebSocketReadableStream: _read called"}
{"level":30,"time":1755129340625,"pid":1544622,"hostname":"wolf-laptop","code":1000,"reason":"","wasClean":true,"msg":"WebSocketReadableStream received close event"}
{"level":30,"time":1755129340626,"pid":1544622,"hostname":"wolf-laptop","code":1000,"reason":"","wasClean":true,"msg":"WebSocketWritableStream received close event"}
{"level":20,"time":1755129340627,"pid":1544622,"hostname":"wolf-laptop","msg":"WebSocketReadableStream is getting destroyed"}
